Log file open, 02/20/18 21:58:20
LogWindows: Failed to load 'aqProf.dll' (GetLastError=126)
LogWindows: File 'aqProf.dll' does not exist
LogWindows: Failed to load 'VSPerf140.dll' (GetLastError=126)
LogWindows: File 'VSPerf140.dll' does not exist
LogWindows: Failed to load 'VtuneApi.dll' (GetLastError=126)
LogWindows: File 'VtuneApi.dll' does not exist
LogWindows: Failed to load 'VtuneApi32e.dll' (GetLastError=126)
LogWindows: File 'VtuneApi32e.dll' does not exist
LogInit: Display: Running engine for game: EscapeRoom
LogPlatformFile: Not using cached read wrapper
LogInit: Display: RandInit(1028277167) SRandInit(1028277167).
LogTaskGraph: Started task graph with 5 named threads and 14 total threads with 3 sets of task threads.
LogStats: Stats thread started at 0.191804
LogD3D11RHI: Aftermath initialized
LogPluginManager: Mounting plugin Paper2D
LogPluginManager: Mounting plugin LightPropagationVolume
LogPluginManager: Mounting plugin CodeLiteSourceCodeAccess
LogPluginManager: Mounting plugin GitSourceControl
LogPluginManager: Mounting plugin KDevelopSourceCodeAccess
LogPluginManager: Mounting plugin NullSourceCodeAccess
LogPluginManager: Mounting plugin PerforceSourceControl
LogPluginManager: Mounting plugin SubversionSourceControl
LogPluginManager: Mounting plugin UObjectPlugin
LogPluginManager: Mounting plugin VisualStudioSourceCodeAccess
LogPluginManager: Mounting plugin XCodeSourceCodeAccess
LogPluginManager: Mounting plugin AssetManagerEditor
LogPluginManager: Mounting plugin AudioCapture
LogPluginManager: Mounting plugin FacialAnimation
LogPluginManager: Mounting plugin GameplayTagsEditor
LogPluginManager: Mounting plugin MobileLauncherProfileWizard
LogPluginManager: Mounting plugin PluginBrowser
LogPluginManager: Mounting plugin SpeedTreeImporter
LogPluginManager: Mounting plugin AlembicImporter
LogPluginManager: Mounting plugin CharacterAI
LogPluginManager: Mounting plugin HTML5Networking
LogPluginManager: Mounting plugin AndroidMedia
LogPluginManager: Mounting plugin AvfMedia
LogPluginManager: Mounting plugin MediaPlayerEditor
LogPluginManager: Mounting plugin WmfMedia
LogPluginManager: Mounting plugin TcpMessaging
LogPluginManager: Mounting plugin UdpMessaging
LogPluginManager: Mounting plugin LevelSequenceEditor
LogPluginManager: Mounting plugin MatineeToLevelSequence
LogPluginManager: Mounting plugin OnlineSubsystemGooglePlay
LogPluginManager: Mounting plugin OnlineSubsystemIOS
LogPluginManager: Mounting plugin OnlineSubsystem
LogPluginManager: Mounting plugin OnlineSubsystemNull
LogPluginManager: Mounting plugin OnlineSubsystemUtils
LogPluginManager: Mounting plugin AndroidDeviceProfileSelector
LogPluginManager: Mounting plugin AndroidMoviePlayer
LogPluginManager: Mounting plugin AndroidPermission
LogPluginManager: Mounting plugin AppleMoviePlayer
LogPluginManager: Mounting plugin ArchVisCharacter
LogPluginManager: Mounting plugin CableComponent
LogPluginManager: Mounting plugin CustomMeshComponent
LogPluginManager: Mounting plugin ExampleDeviceProfileSelector
LogPluginManager: Mounting plugin GoogleCloudMessaging
LogPluginManager: Mounting plugin ImmediatePhysics
LogPluginManager: Mounting plugin IOSDeviceProfileSelector
LogPluginManager: Mounting plugin LinuxDeviceProfileSelector
LogPluginManager: Mounting plugin LocationServicesBPLibrary
LogPluginManager: Mounting plugin MobilePatchingUtils
LogPluginManager: Mounting plugin OculusVR
LogPluginManager: Mounting plugin PhysXVehicles
LogPluginManager: Mounting plugin ProceduralMeshComponent
LogPluginManager: Mounting plugin RuntimePhysXCooking
LogPluginManager: Mounting plugin SteamVR
LogPluginManager: Mounting plugin WindowsMoviePlayer
LogInit: Using libcurl 7.47.1
LogInit:  - built for x86_64-pc-win32
LogInit:  - supports SSL with OpenSSL/1.0.2g
LogInit:  - supports HTTP deflate (compression) using libz 1.2.8
LogInit:  - other features:
LogInit:      CURL_VERSION_SSL
LogInit:      CURL_VERSION_LIBZ
LogInit:      CURL_VERSION_IPV6
LogInit:      CURL_VERSION_ASYNCHDNS
LogInit:      CURL_VERSION_LARGEFILE
LogInit:      CURL_VERSION_IDN
LogInit:  CurlRequestOptions (configurable via config and command line):
LogInit:  - bVerifyPeer = false  - Libcurl will NOT verify peer certificate
LogInit:  - bUseHttpProxy = false  - Libcurl will NOT use HTTP proxy
LogInit:  - bDontReuseConnections = false  - Libcurl will reuse connections
LogInit:  - CertBundlePath = nullptr  - Libcurl will use whatever was configured at build time.
LogInit: Build: ++UE4+Release-4.17-CL-3658906
LogInit: Engine Version: 4.17.2-3658906+++UE4+Release-4.17
LogInit: Compatible Engine Version: 4.17.0-3573198+++UE4+Release-4.17
LogInit: Net CL: 3573198
LogDevObjectVersion: Number of dev versions registered: 16
LogDevObjectVersion:   Dev-Blueprints (B0D832E4-1F89-4F0D-ACCF-7EB736FD4AA2): 10
LogDevObjectVersion:   Dev-Build (E1C64328-A22C-4D53-A36C-8E866417BD8C): 0
LogDevObjectVersion:   Dev-Core (375EC13C-06E4-48FB-B500-84F0262A717E): 2
LogDevObjectVersion:   Dev-Editor (E4B068ED-F494-42E9-A231-DA0B2E46BB41): 20
LogDevObjectVersion:   Dev-Framework (CFFC743F-43B0-4480-9391-14DF171D2073): 28
LogDevObjectVersion:   Dev-Mobile (B02B49B5-BB20-44E9-A304-32B752E40360): 0
LogDevObjectVersion:   Dev-Networking (A4E4105C-59A1-49B5-A7C5-40C4547EDFEE): 0
LogDevObjectVersion:   Dev-Online (39C831C9-5AE6-47DC-9A44-9C173E1C8E7C): 0
LogDevObjectVersion:   Dev-Physics (78F01B33-EBEA-4F98-B9B4-84EACCB95AA2): 0
LogDevObjectVersion:   Dev-Platform (6631380F-2D4D-43E0-8009-CF276956A95A): 0
LogDevObjectVersion:   Dev-Rendering (12F88B9F-8875-4AFC-A67C-D90C383ABD29): 19
LogDevObjectVersion:   Dev-Sequencer (7B5AE74C-D270-4C10-A958-57980B212A5A): 4
LogDevObjectVersion:   Dev-VR (D7296918-1DD6-4BDD-9DE2-64A83CC13884): 0
LogDevObjectVersion:   Dev-LoadTimes (C2A15278-BFE7-4AFE-6C17-90FF531DF755): 1
LogDevObjectVersion:   Private-Geometry (6EACA3D4-40EC-4CC1-B786-8BED09428FC5): 1
LogDevObjectVersion:   Dev-AnimPhys (29E575DD-E0A3-4627-9D10-D276232CDCEA): 7
LogInit: Compiled (64-bit): Sep 22 2017 13:47:16
LogInit: Compiled with Visual C++: 19.00.24215.01
LogInit: Build Configuration: Development
LogInit: Branch Name: ++UE4+Release-4.17
LogInit: Command line: -EpicPortal 
LogInit: Base directory: D:/Program Files/UE_4.17/Engine/Binaries/Win64/
LogInit: Installed Engine Build: 1
LogInit: Presizing for max 8388607 objects, including 0 objects not considered by GC, pre-allocating 0 bytes for permanent pool.
LogInit: Object subsystem initialized
[2018.02.21-03.58.22:225][  0]LogInit: Selected Device Profile: [Windows]
[2018.02.21-03.58.22:226][  0]LogInit: Applying CVar settings loaded from the selected device profile: [Windows]
[2018.02.21-03.58.22:240][  0]LogInit: Computer: DESKTOP-546QKGT
[2018.02.21-03.58.22:240][  0]LogInit: User: budhe
[2018.02.21-03.58.22:240][  0]LogInit: CPU Page size=4096, Cores=4
[2018.02.21-03.58.22:240][  0]LogInit: High frequency timer resolution =2.742186 MHz
[2018.02.21-03.58.22:241][  0]LogMemory: Memory total: Physical=15.9GB (16GB approx)
[2018.02.21-03.58.22:241][  0]LogMemory: Platform Memory Stats for Windows
[2018.02.21-03.58.22:241][  0]LogMemory: Process Physical Memory: 280.93 MB used, 280.93 MB peak
[2018.02.21-03.58.22:241][  0]LogMemory: Process Virtual Memory: 282.35 MB used, 282.35 MB peak
[2018.02.21-03.58.22:241][  0]LogMemory: Physical Memory: 10668.36 MB used,  5582.34 MB free, 16250.70 MB total
[2018.02.21-03.58.22:241][  0]LogMemory: Virtual Memory: 715.45 MB used,  5582.34 MB free, 134217728.00 MB total
[2018.02.21-03.58.22:839][  0]LogInit: Using OS detected language (en-US).
[2018.02.21-03.58.22:839][  0]LogInit: Using OS detected locale (en-US).
[2018.02.21-03.58.22:849][  0]LogTextLocalizationManager: No specific localization for 'en-US' exists, so the 'en' localization will be used.
[2018.02.21-03.58.23:816][  0]LogD3D11RHI: D3D11 adapters:
[2018.02.21-03.58.23:871][  0]LogD3D11RHI:    0. 'NVIDIA GeForce GTX 1070' (Feature Level 11_0)
[2018.02.21-03.58.23:871][  0]LogD3D11RHI:       8074/0/8125 MB DedicatedVideo/DedicatedSystem/SharedSystem, Outputs:3, VendorId:0x10de
[2018.02.21-03.58.23:882][  0]LogD3D11RHI:    1. 'Intel(R) HD Graphics 630' (Feature Level 11_0)
[2018.02.21-03.58.23:882][  0]LogD3D11RHI:       128/0/8125 MB DedicatedVideo/DedicatedSystem/SharedSystem, Outputs:0, VendorId:0x8086
[2018.02.21-03.58.23:884][  0]LogD3D11RHI:    2. 'Microsoft Basic Render Driver' (Feature Level 11_0)
[2018.02.21-03.58.23:884][  0]LogD3D11RHI:       0/0/8125 MB DedicatedVideo/DedicatedSystem/SharedSystem, Outputs:0, VendorId:0x1414
[2018.02.21-03.58.23:884][  0]LogD3D11RHI: Chosen D3D11 Adapter: 0
[2018.02.21-03.58.23:897][  0]LogD3D11RHI: Creating new Direct3DDevice
[2018.02.21-03.58.23:897][  0]LogD3D11RHI:     GPU DeviceId: 0x1ba1 (for the marketing name, search the web for "GPU Device Id")
[2018.02.21-03.58.23:897][  0]LogWindows: EnumDisplayDevices:
[2018.02.21-03.58.23:898][  0]LogWindows:    0. 'Intel(R) HD Graphics 630' (P:1 D:1)
[2018.02.21-03.58.23:898][  0]LogWindows:    1. 'Intel(R) HD Graphics 630' (P:0 D:0)
[2018.02.21-03.58.23:898][  0]LogWindows:    2. 'Intel(R) HD Graphics 630' (P:0 D:0)
[2018.02.21-03.58.23:898][  0]LogWindows:    3. 'NVIDIA GeForce GTX 1070' (P:0 D:1)
[2018.02.21-03.58.23:899][  0]LogWindows:    4. 'NVIDIA GeForce GTX 1070' (P:0 D:1)
[2018.02.21-03.58.23:899][  0]LogWindows:    5. 'NVIDIA GeForce GTX 1070' (P:0 D:0)
[2018.02.21-03.58.23:899][  0]LogWindows:    6. 'NVIDIA GeForce GTX 1070' (P:0 D:0)
[2018.02.21-03.58.23:899][  0]LogWindows: DebugString: GetVideoDriverDetailsInvalid PrimaryIsNotTheChoosenAdapter GetVideoDriverDetailsInvalid PrimaryIsNotTheChoosenAdapter GetVideoDriverDetailsInvalid PrimaryIsNotTheChoosenAdapter GetVideoDriverDetailsInvalid PrimaryIsNotTheChoosenAdapter GetVideoDriverDetailsInvalid PrimaryIsNotTheChoosenAdapter GetVideoDriverDetailsInvalid PrimaryIsNotTheChoosenAdapter GetVideoDriverDetailsInvalid PrimaryIsNotTheChoosenAdapter FoundDriverCount:0 
[2018.02.21-03.58.23:899][  0]LogD3D11RHI:     Adapter Name: NVIDIA GeForce GTX 1070
[2018.02.21-03.58.23:899][  0]LogD3D11RHI:   Driver Version: Unknown (internal:Unknown, unified:Unknown)
[2018.02.21-03.58.23:899][  0]LogD3D11RHI:      Driver Date: Unknown
[2018.02.21-03.58.23:899][  0]LogRHI: Texture pool is 1361 MB (70% of 1945 MB)
[2018.02.21-03.58.23:936][  0]LogD3D11RHI: Async texture creation enabled
[2018.02.21-03.58.23:947][  0]LogD3D11RHI: GPU Timing Frequency: 1000.000000 (Debug: 2 1)
[2018.02.21-03.58.24:050][  0]LogShaderCompilers: Guid format shader working directory is 2 characters bigger than the processId version (../../../../../GitHub/RoomEscape/EscapeRoom/Intermediate/Shaders/WorkingDirectory/13928/).
[2018.02.21-03.58.24:050][  0]LogShaderCompilers: Cleaned the shader compiler working directory 'C:/Users/budhe/AppData/Local/Temp/UnrealShaderWorkingDir/C6B318814095885D3D0FD38CB3259796/'.
[2018.02.21-03.58.24:050][  0]LogShaderCompilers: Display: Using Local Shader Compiler.
[2018.02.21-03.58.25:226][  0]LogTemp: Display: Loaded TP AllDesktopTargetPlatform
[2018.02.21-03.58.25:285][  0]LogTemp: Display: Loaded TP MacClientTargetPlatform
[2018.02.21-03.58.25:343][  0]LogTemp: Display: Loaded TP MacNoEditorTargetPlatform
[2018.02.21-03.58.25:402][  0]LogTemp: Display: Loaded TP MacServerTargetPlatform
[2018.02.21-03.58.25:457][  0]LogTemp: Display: Loaded TP MacTargetPlatform
[2018.02.21-03.58.25:513][  0]LogTemp: Display: Loaded TP WindowsClientTargetPlatform
[2018.02.21-03.58.25:574][  0]LogTemp: Display: Loaded TP WindowsNoEditorTargetPlatform
[2018.02.21-03.58.25:635][  0]LogTemp: Display: Loaded TP WindowsServerTargetPlatform
[2018.02.21-03.58.25:686][  0]LogTemp: Display: Loaded TP WindowsTargetPlatform
[2018.02.21-03.58.25:742][  0]LogTemp: Display: Loaded TP AndroidTargetPlatform
[2018.02.21-03.58.25:799][  0]LogTemp: Display: Loaded TP Android_ASTCTargetPlatform
[2018.02.21-03.58.25:854][  0]LogTemp: Display: Loaded TP Android_ATCTargetPlatform
[2018.02.21-03.58.25:915][  0]LogTemp: Display: Loaded TP Android_DXTTargetPlatform
[2018.02.21-03.58.25:969][  0]LogTemp: Display: Loaded TP Android_ETC1TargetPlatform
[2018.02.21-03.58.26:024][  0]LogTemp: Display: Loaded TP Android_ETC2TargetPlatform
[2018.02.21-03.58.26:132][  0]LogTemp: Display: Loaded TP Android_MultiTargetPlatform
[2018.02.21-03.58.26:132][  0]LogTemp: Display: Loaded TP Android_PVRTCTargetPlatform
[2018.02.21-03.58.26:182][  0]LogTemp: Display: Loaded TP HTML5TargetPlatform
[2018.02.21-03.58.26:283][  0]LogTemp: Display: Loaded TP IOSTargetPlatform
[2018.02.21-03.58.26:315][  0]LogTemp: Display: Loaded TP TVOSTargetPlatform
[2018.02.21-03.58.26:372][  0]LogTemp: Display: Loaded TP LinuxClientTargetPlatform
[2018.02.21-03.58.26:432][  0]LogTemp: Display: Loaded TP LinuxNoEditorTargetPlatform
[2018.02.21-03.58.26:486][  0]LogTemp: Display: Loaded TP LinuxServerTargetPlatform
[2018.02.21-03.58.26:537][  0]LogTemp: Display: Loaded TP LinuxTargetPlatform
[2018.02.21-03.58.26:537][  0]LogTargetPlatformManager: Display: Building Assets For Windows
[2018.02.21-03.58.27:042][  0]LogDerivedDataCache: Display: Max Cache Size: 512 MB
[2018.02.21-03.58.27:171][  0]LogDerivedDataCache: Loaded boot cache 0.13s 93MB C:/Users/budhe/AppData/Local/UnrealEngine/4.17/DerivedDataCache/Boot.ddc.
[2018.02.21-03.58.27:171][  0]LogDerivedDataCache: Display: Loaded Boot cache: C:/Users/budhe/AppData/Local/UnrealEngine/4.17/DerivedDataCache/Boot.ddc
[2018.02.21-03.58.27:172][  0]LogDerivedDataCache: FDerivedDataBackendGraph:  Pak pak cache file ../../../../../GitHub/RoomEscape/EscapeRoom/DerivedDataCache/DDC.ddp not found, will not use a pak cache.
[2018.02.21-03.58.27:172][  0]LogDerivedDataCache: Unable to find inner node Pak for hierarchical cache Hierarchy.
[2018.02.21-03.58.27:172][  0]LogDerivedDataCache: FDerivedDataBackendGraph:  CompressedPak pak cache file ../../../../../GitHub/RoomEscape/EscapeRoom/DerivedDataCache/Compressed.ddp not found, will not use a pak cache.
[2018.02.21-03.58.27:172][  0]LogDerivedDataCache: Unable to find inner node CompressedPak for hierarchical cache Hierarchy.
[2018.02.21-03.58.27:189][  0]LogDerivedDataCache: Display: Pak cache opened for reading ../../../Engine/DerivedDataCache/Compressed.ddp.
[2018.02.21-03.58.27:202][  0]LogDerivedDataCache: Using Local data cache path C:/Users/budhe/AppData/Local/UnrealEngine/Common/DerivedDataCache: Writable
[2018.02.21-03.58.27:213][  0]LogMaterial: Verifying Global Shaders for PCD3D_SM5
[2018.02.21-03.58.27:213][  0]LogSlate: Using Freetype 2.6.0
[2018.02.21-03.58.27:214][  0]LogSlate: SlateFontCache - WITH_FREETYPE: 1, WITH_HARFBUZZ: 1
[2018.02.21-03.58.27:214][  0]LogSlate: SlateFontCache - WITH_FREETYPE: 1, WITH_HARFBUZZ: 1
[2018.02.21-03.58.27:589][  0]LogAssetRegistry: FAssetRegistry took 0.0256 seconds to start up
[2018.02.21-03.58.27:736][  0]LogInit: Selected Device Profile: [Windows]
[2018.02.21-03.58.28:201][  0]LogSimplygon: Simplygon DLL not present - disabling.
[2018.02.21-03.58.28:246][  0]LogMeshReduction: Using SimplygonSwarm for distributed automatic mesh merging
[2018.02.21-03.58.28:246][  0]LogMeshReduction: Using QuadricMeshReduction for automatic static mesh reduction
[2018.02.21-03.58.28:246][  0]LogMeshReduction: No automatic skeletal mesh reduction module available
[2018.02.21-03.58.28:246][  0]LogMeshReduction: No automatic mesh merging module available
[2018.02.21-03.58.28:246][  0]LogMeshMerging: No automatic mesh merging module available
[2018.02.21-03.58.28:275][  0]LogContentStreaming: Texture pool size is 0.00 MB
[2018.02.21-03.58.28:766][  0]LogNetVersion: EscapeRoom , NetCL: 3573198, EngineNetVer: 2, GameNetVer: 0 (Checksum: 4184261634)
[2018.02.21-03.58.29:054][  0]LogPackageLocalizationCache: Processed 5 localized package path(s) for 2 prioritized culture(s) in 0.070684 seconds
[2018.02.21-03.58.29:064][  0]LogUObjectArray: 35825 objects as part of root set at end of initial load.
[2018.02.21-03.58.29:064][  0]LogUObjectAllocator: 7529104 out of 0 bytes used by permanent object pool.
[2018.02.21-03.58.29:064][  0]LogUObjectArray: CloseDisregardForGC: 0/0 objects in disregard for GC pool
[2018.02.21-03.58.29:116][  0]LogInit: WinSock: version 1.1 (2.2), MaxSocks=32767, MaxUdp=65467
[2018.02.21-03.58.32:519][  0]LogTcpMessaging: Initializing TcpMessaging bridge
[2018.02.21-03.58.32:561][  0]LogUdpMessaging: Initializing bridge on interface 0.0.0.0:0 to multicast group 230.0.0.1:6666.
[2018.02.21-03.58.33:413][  0]LogMaterial: Uniform references updated for custom material expression Custom.
[2018.02.21-03.58.33:954][  0]SourceControl: Source control is disabled
[2018.02.21-03.58.33:954][  0]SourceControl: Source control is disabled
[2018.02.21-03.58.34:006][  0]SourceControl: Source control is disabled
[2018.02.21-03.58.34:063][  0]SourceControl: Source control is disabled
[2018.02.21-03.58.34:901][  0]LogAndroidPermission: UAndroidPermissionCallbackProxy::GetInstance
[2018.02.21-03.58.35:198][  0]LogOcInput: OculusInput pre-init called
[2018.02.21-03.58.35:506][  0]LogEngine: Initializing Engine...
[2018.02.21-03.58.35:508][  0]LogHMD: Failed to initialize OpenVR with code 110
[2018.02.21-03.58.35:771][  0]LogStats: UGameplayTagsManager::ConstructGameplayTagTree: Construct from data asset -  0.000 s
[2018.02.21-03.58.35:771][  0]LogStats: UGameplayTagsManager::ConstructGameplayTagTree: GameplayTagTreeChangedEvent.Broadcast -  0.000 s
[2018.02.21-03.58.35:927][  0]LogAIModule: Creating AISystem for world Untitled
[2018.02.21-03.58.36:004][  0]LogInit: XAudio2 using 'Speakers / Headphones (Realtek Audio)' : 6 channels at 48 kHz using 32 bits per sample (channel mask 0x3f)
[2018.02.21-03.58.36:080][  0]LogInit: FAudioDevice initialized.
[2018.02.21-03.58.36:239][  0]LogDerivedDataCache: Saved boot cache 0.16s 93MB C:/Users/budhe/AppData/Local/UnrealEngine/4.17/DerivedDataCache/Boot.ddc.
[2018.02.21-03.58.36:260][  0]LogInit: Texture streaming: Enabled
[2018.02.21-03.58.36:361][  0]LogEngineSessionManager: EngineSessionManager initialized
[2018.02.21-03.58.36:604][  0]LogInit: Transaction tracking system initialized
[2018.02.21-03.58.36:935][  0]BlueprintLog: New page: Editor Load
[2018.02.21-03.58.37:897][  0]LocalizationService: Localization service is disabled
[2018.02.21-03.58.38:663][  0]LogConsoleResponse: Display: 
[2018.02.21-03.58.38:881][  0]LogCook: Display: Max memory allowance for cook 16384mb min free memory 0mb
[2018.02.21-03.58.38:881][  0]LogCook: Display: Mobile HDR setting 1
[2018.02.21-03.58.38:881][  0]LogGameplayTags: Display: UGameplayTagsManager::DoneAddingNativeTags. DelegateIsBound: 0
[2018.02.21-03.58.38:887][  0]LogFileCache: Scanning file cache for directory 'D:/GitHub/RoomEscape/EscapeRoom/Content/' took 0.02s
[2018.02.21-03.58.40:070][  0]SourceControl: Source control is disabled
[2018.02.21-03.58.40:071][  0]Cmd: MAP LOAD FILE="../../../../../GitHub/RoomEscape/EscapeRoom/Content/NewMap.umap" TEMPLATE=0 SHOWPROGRESS=1 FEATURELEVEL=3
[2018.02.21-03.58.40:071][  0]LightingResults: New page: Lighting Build
[2018.02.21-03.58.40:116][  0]MapCheck: New page: Map Check
[2018.02.21-03.58.40:116][  0]LightingResults: New page: Lighting Build
[2018.02.21-03.58.40:390][  0]LogAIModule: Creating AISystem for world NewMap
[2018.02.21-03.58.40:400][  0]LogEditorServer: Finished looking for orphan Actors (0.000 secs)
[2018.02.21-03.58.40:423][  0]Cmd: MAP CHECKDEP NOCLEARLOG
[2018.02.21-03.58.40:553][  0]MapCheck: Map check complete: 0 Error(s), 0 Warning(s), took 129.788ms to complete.
[2018.02.21-03.58.40:554][  0]LogFileHelpers: Loading map 'NewMap' took 0.483
[2018.02.21-03.58.40:803][  0]LogCollectionManager: Loaded 0 collections in 0.001069 seconds
[2018.02.21-03.58.40:905][  0]LogFileCache: Scanning file cache for directory 'D:/GitHub/RoomEscape/EscapeRoom/Saved/Collections/' took 0.01s
[2018.02.21-03.58.40:905][  0]LogFileCache: Scanning file cache for directory 'D:/GitHub/RoomEscape/EscapeRoom/Content/Developers/budhe/Collections/' took 0.01s
[2018.02.21-03.58.40:905][  0]LogFileCache: Scanning file cache for directory 'D:/GitHub/RoomEscape/EscapeRoom/Content/Collections/' took 0.01s
[2018.02.21-03.58.40:905][  0]LogCollectionManager: Rebuilt the GUID cache for 0 collections in 0.000000 seconds
[2018.02.21-03.58.40:918][  0]LogContentBrowser: Native class hierarchy populated in 0.0124 seconds. Added 2387 classes and 502 folders.
[2018.02.21-03.58.40:989][  0]LogContentBrowser: Native class hierarchy updated for 'WidgetCarousel' in 0.0034 seconds. Added 0 classes and 0 folders.
[2018.02.21-03.58.41:080][  0]LogContentBrowser: Native class hierarchy updated for 'AddContentDialog' in 0.0023 seconds. Added 0 classes and 0 folders.
[2018.02.21-03.58.41:130][  0]LogContentBrowser: Native class hierarchy updated for 'SceneOutliner' in 0.0027 seconds. Added 1 classes and 2 folders.
[2018.02.21-03.58.41:157][  0]LogSlate: Took 0.000371 seconds to synchronously load lazily loaded font '../../../Engine/Content/Slate/Fonts/Roboto-Regular.ttf' (155K)
[2018.02.21-03.58.41:160][  0]LogSlate: Took 0.000349 seconds to synchronously load lazily loaded font '../../../Engine/Content/Slate/Fonts/Roboto-Bold.ttf' (160K)
[2018.02.21-03.58.41:168][  0]LogSlate: Took 0.000402 seconds to synchronously load lazily loaded font '../../../Engine/Content/Editor/Slate/Fonts/FontAwesome.ttf' (139K)
[2018.02.21-03.58.41:313][  0]LogRenderer: Reallocating scene render targets to support 1208x640 Format 10 NumSamples 1 (Frame:1).
[2018.02.21-03.58.41:389][  0]LogSlate: Took 0.000367 seconds to synchronously load lazily loaded font '../../../Engine/Content/Slate/Fonts/Roboto-Light.ttf' (159K)
[2018.02.21-03.58.41:519][  0]LogContentBrowser: Native class hierarchy updated for 'HierarchicalLODOutliner' in 0.0022 seconds. Added 1 classes and 2 folders.
[2018.02.21-03.58.41:519][  0]LogLoad: (Engine Initialization) Total time: 21.89 seconds
[2018.02.21-03.58.41:519][  0]LogLoad: (Engine Initialization) Total Blueprint compile time: 0.00 seconds
[2018.02.21-03.58.41:519][  0]LogExternalProfiler: No external profilers were discovered.  External profiling features will not be available.
[2018.02.21-03.58.41:538][  0]LogWindowsTextInputMethodSystem: Display: IME system now deactivated.
[2018.02.21-03.58.41:558][  0]LogContentStreaming: Texture pool size now 1000 MB
[2018.02.21-03.58.41:685][  2]LogAssetRegistry: Asset discovery search completed in 14.1183 seconds
[2018.02.21-03.58.41:687][  2]LogCollectionManager: Rebuilt the object cache for 0 collections in 0.000001 seconds (found 0 objects)
[2018.02.21-03.58.41:688][  2]LogCollectionManager: Fixed up redirectors for 0 collections in 0.000100 seconds (updated 0 objects)
[2018.02.21-04.28.53:887][476]LogEditorViewport: Clicking on Actor (context menu): StaticMeshActor (SM_Chair)
[2018.02.21-04.28.55:057][533]LogEditorViewport: Clicking on Actor (LMB): StaticMeshActor (SM_Chair)
[2018.02.21-04.28.59:412][771]LogSlate: Took 0.018064 seconds to synchronously load lazily loaded font '../../../Engine/Content/Editor/Slate/Fonts/Roboto-Italic.ttf' (157K)
[2018.02.21-04.30.55:426][234]LogSlate: Took 0.000295 seconds to synchronously load lazily loaded font '../../../Engine/Content/Slate/Fonts/Roboto-Light.ttf' (159K)
[2018.02.21-04.33.02:969][748]LogEditorViewport: Clicking on Actor (LMB): StaticMeshActor (Floor)
[2018.02.21-04.33.03:085][749]LogEditorViewport: Clicking on Component (LMB): StaticMeshComponent (StaticMeshComponent0)
[2018.02.21-04.33.10:206][173]LogEditorViewport: Clicking on Actor (LMB): BP_Sky_Sphere_C (Sky Sphere)
[2018.02.21-04.33.11:044][220]LogEditorViewport: Clicking on Actor (context menu): StaticMeshActor (SM_Chair)
[2018.02.21-04.33.11:941][267]LogEditorViewport: Clicking on Actor (LMB): StaticMeshActor (SM_Chair)
[2018.02.21-04.33.12:328][289]Cmd: CAMERA ALIGN ACTIVEVIEWPORTONLY
[2018.02.21-04.33.46:684][915]LogSlate: Took 0.019542 seconds to synchronously load lazily loaded font '../../../Engine/Content/Editor/Slate/Fonts/Roboto-BoldCondensed.ttf' (158K)
[2018.02.21-04.34.16:068][915]Running D:/Program Files/UE_4.17/Engine/Binaries/DotNET/UnrealBuildTool.exe  -projectfiles -project="D:/GitHub/RoomEscape/EscapeRoom/EscapeRoom.uproject" -game -rocket -progress
[2018.02.21-04.34.16:609][915]Discovering modules, targets and source code for project...
[2018.02.21-04.34.20:035][915]LogSlate: Took 0.000243 seconds to synchronously load lazily loaded font '../../../Engine/Content/Slate/Fonts/Roboto-Regular.ttf' (155K)
[2018.02.21-04.34.21:767][915]LogVSAccessor: Warning: Couldn't access Visual Studio
[2018.02.21-04.34.21:839][915]Candidate modules for hot reload:
[2018.02.21-04.34.21:839][915]  EscapeRoom
[2018.02.21-04.34.21:839][915]Launching UnrealBuildTool... [D:/Program Files/UE_4.17/Engine/Binaries/DotNET/UnrealBuildTool.exe EscapeRoom -ModuleWithSuffix EscapeRoom 7048 Win64 Development -editorrecompile -canskiplink "D:/GitHub/RoomEscape/EscapeRoom/EscapeRoom.uproject" ]
[2018.02.21-04.34.46:097][915]CompilerResultsLog: New page: Compilation - Feb 20, 2018, 4:34:46 PM
[2018.02.21-04.34.46:097][915]CompilerResultsLog: Compiling game modules for hot reload
[2018.02.21-04.34.46:097][915]CompilerResultsLog: Performing full C++ include scan (no include cache file)
[2018.02.21-04.34.46:097][915]CompilerResultsLog: Parsing headers for EscapeRoomEditor
[2018.02.21-04.34.46:097][915]CompilerResultsLog:   Running UnrealHeaderTool "D:\GitHub\RoomEscape\EscapeRoom\EscapeRoom.uproject" "D:\GitHub\RoomEscape\EscapeRoom\Intermediate\Build\Win64\EscapeRoomEditor\Development\EscapeRoomEditor.uhtmanifest" -LogCmds="loginit warning, logexit warning, logdatabase error" -Unattended -WarningsAsErrors -installed
[2018.02.21-04.34.46:097][915]CompilerResultsLog: Reflection code generated for EscapeRoomEditor in 13.4035568 seconds
[2018.02.21-04.34.46:097][915]CompilerResultsLog: Performing 8 actions (4 in parallel)
[2018.02.21-04.34.46:097][915]CompilerResultsLog: EscapeRoomGameModeBase.cpp
[2018.02.21-04.34.46:097][915]CompilerResultsLog: EscapeRoom.init.gen.cpp
[2018.02.21-04.34.46:097][915]CompilerResultsLog: PositionReport.cpp
[2018.02.21-04.34.46:097][915]CompilerResultsLog: EscapeRoom.cpp
[2018.02.21-04.34.46:097][915]CompilerResultsLog: EscapeRoomGameModeBase.gen.cpp
[2018.02.21-04.34.46:097][915]CompilerResultsLog: PositionReport.gen.cpp
[2018.02.21-04.34.46:097][915]CompilerResultsLog: [7/8] Link UE4Editor-EscapeRoom-7048.dll
[2018.02.21-04.34.46:097][915]CompilerResultsLog: [8/8] Link UE4Editor-EscapeRoom-7048.lib
[2018.02.21-04.34.46:097][915]CompilerResultsLog:    Creating library D:\GitHub\RoomEscape\EscapeRoom\Intermediate\Build\Win64\UE4Editor\Development\UE4Editor-EscapeRoom-7048.lib and object D:\GitHub\RoomEscape\EscapeRoom\Intermediate\Build\Win64\UE4Editor\Development\UE4Editor-EscapeRoom-7048.exp
[2018.02.21-04.34.46:098][915]CompilerResultsLog:    Creating library D:\GitHub\RoomEscape\EscapeRoom\Intermediate\Build\Win64\UE4Editor\Development\UE4Editor-EscapeRoom-7048.suppressed.lib and object D:\GitHub\RoomEscape\EscapeRoom\Intermediate\Build\Win64\UE4Editor\Development\UE4Editor-EscapeRoom-7048.suppressed.exp
[2018.02.21-04.34.46:098][915]CompilerResultsLog: Total build time: 23.81 seconds (Local executor: 3.68 seconds)
[2018.02.21-04.34.46:107][915]LogMainFrame: MainFrame: Module compiling took 24.339 seconds
[2018.02.21-04.34.46:221][915]LogClass: Could not find existing class PositionReport in package /Script/EscapeRoom for HotReload, assuming new class
[2018.02.21-04.34.46:226][915]LogContentBrowser: Native class hierarchy updated for 'EscapeRoom' in 0.0031 seconds. Added 2 classes and 2 folders.
[2018.02.21-04.34.46:230][915]Display: HotReload successful (0 functions remapped  0 scriptstructs remapped)
[2018.02.21-04.34.46:573][915]LogContentBrowser: Native class hierarchy populated in 0.0138 seconds. Added 2390 classes and 506 folders.
[2018.02.21-04.34.46:607][915]Display: HotReload took 24.8s.
[2018.02.21-04.34.46:610][915]Warning: HotReload operation took 24.9s.
[2018.02.21-04.34.46:841][915]LogHotReload: New module detected: UE4Editor-EscapeRoom-7048.dll
[2018.02.21-04.34.47:038][916]LogHotReload: Starting Hot-Reload from IDE
[2018.02.21-04.34.47:257][916]LogContentBrowser: Native class hierarchy updated for 'EscapeRoom' in 0.0031 seconds. Added 2 classes and 2 folders.
[2018.02.21-04.34.47:261][916]Display: HotReload successful (0 functions remapped  0 scriptstructs remapped)
[2018.02.21-04.34.47:285][916]LogContentBrowser: Native class hierarchy populated in 0.0192 seconds. Added 2390 classes and 506 folders.
[2018.02.21-04.34.47:305][916]Display: HotReload took  0.3s.
[2018.02.21-04.35.00:607][163]LogVSAccessor: Warning: Couldn't goto line number '0' in 'D:/GitHub/RoomEscape/EscapeRoom/Source/EscapeRoom/PositionReport.h'
[2018.02.21-04.35.00:826][163]LogVSAccessor: Warning: Couldn't goto line number '0' in 'D:/GitHub/RoomEscape/EscapeRoom/Source/EscapeRoom/PositionReport.cpp'
[2018.02.21-04.35.07:420][183]LogSlate: Took 0.000283 seconds to synchronously load lazily loaded font '../../../Engine/Content/Slate/Fonts/Roboto-Light.ttf' (159K)
[2018.02.21-04.35.16:139][209]Cmd: OBJ SAVEPACKAGE PACKAGE="/Game/NewMap" FILE="../../../../../GitHub/RoomEscape/EscapeRoom/Saved/Autosaves/Game/NewMap_Auto1.umap" SILENT=true AUTOSAVING=true KEEPDIRTY=false
[2018.02.21-04.35.16:198][209]LogSavePackage: Save=40.87ms
[2018.02.21-04.35.16:198][209]LogSavePackage: Moving '../../../../../GitHub/RoomEscape/EscapeRoom/Saved/NewMap_Auto133D76F01402AF9BC7884C095DA62F778.tmp' to '../../../../../GitHub/RoomEscape/EscapeRoom/Saved/Autosaves/Game/NewMap_Auto1.umap'
[2018.02.21-04.35.16:200][209]LogSavePackage: Display: Finished SavePackage ../../../../../GitHub/RoomEscape/EscapeRoom/Saved/Autosaves/Game/NewMap_Auto1.umap
[2018.02.21-04.35.16:203][209]LogFileHelpers: Editor autosave (incl. sublevels) for '/Game/NewMap' took 0.107
[2018.02.21-04.35.16:203][209]LogFileHelpers: Editor autosave (incl. sublevels) for all levels took 0.107
[2018.02.21-04.37.48:167][721]LogDirectoryWatcher: Warning: Failed to begin reading directory changes for ../../../../../GitHub/RoomEscape/EscapeRoom/Plugins/. Error: The system cannot find the file specified. (0x00000002)
[2018.02.21-04.37.50:548][858]LogDirectoryWatcher: A directory notification for '../../../Engine/Plugins/' was aborted.
[2018.02.21-04.37.55:563][ 75]LogTemp: Executing iPhonePackager certificates Engine -bundlename com.YourCompany.EscapeRoom
[2018.02.21-04.37.55:563][ 75]LogTemp: CWD: D:\Program Files\UE_4.17\Engine\Binaries\DotNET\IOS
[2018.02.21-04.37.55:563][ 75]LogTemp: Initial Dir: D:\Program Files\UE_4.17
[2018.02.21-04.37.55:563][ 75]LogTemp: Env CWD: D:\Program Files\UE_4.17\Engine\Binaries\DotNET\IOS
[2018.02.21-04.37.55:564][ 75]LogTemp: BranchPath = DESKTOP-546QKGT/D/Program Files/UE_4.17/Engine/Binaries --- GameBranchPath = DESKTOP-546QKGT/D/Program Files/UE_4.17/Engine/Binaries
[2018.02.21-04.37.55:580][ 76]LogTemp: IPP ERROR: Could not find provision directory 'C:\Users\budhe\AppData\Local/Apple Computer/MobileDevice/Provisioning Profiles/'.
[2018.02.21-04.39.45:860][684]Cmd: OBJ SAVEPACKAGE PACKAGE="/Game/NewMap" FILE="../../../../../GitHub/RoomEscape/EscapeRoom/Content/NewMap.umap" SILENT=true AUTOSAVING=false KEEPDIRTY=false
[2018.02.21-04.39.45:946][684]LogSavePackage: Save=35.46ms
[2018.02.21-04.39.45:946][684]LogSavePackage: Moving '../../../../../GitHub/RoomEscape/EscapeRoom/Saved/NewMap01F476294495174C5CABB1BA3B8973E4.tmp' to '../../../../../GitHub/RoomEscape/EscapeRoom/Content/NewMap.umap'
[2018.02.21-04.39.45:952][684]LogSavePackage: Display: Finished SavePackage ../../../../../GitHub/RoomEscape/EscapeRoom/Content/NewMap.umap
[2018.02.21-04.39.45:988][684]Cmd: OBJ SAVEPACKAGE PACKAGE="/Game/NewMap_BuiltData" FILE="../../../../../GitHub/RoomEscape/EscapeRoom/Content/NewMap_BuiltData.uasset" SILENT=true
[2018.02.21-04.39.46:020][684]LogSavePackage: Save=21.21ms
[2018.02.21-04.39.46:020][684]LogSavePackage: Moving '../../../../../GitHub/RoomEscape/EscapeRoom/Saved/NewMap_BuiltDataE37434EC41056DB6523297B1D33C996A.tmp' to '../../../../../GitHub/RoomEscape/EscapeRoom/Content/NewMap_BuiltData.uasset'
[2018.02.21-04.39.46:021][684]LogSavePackage: Display: Finished SavePackage ../../../../../GitHub/RoomEscape/EscapeRoom/Content/NewMap_BuiltData.uasset
[2018.02.21-04.42.19:931][197]LogEditorViewport: Clicking on Actor (LMB): StaticMeshActor (Floor)
[2018.02.21-04.42.20:368][216]Cmd: OBJ SAVEPACKAGE PACKAGE="/Game/NewMap" FILE="../../../../../GitHub/RoomEscape/EscapeRoom/Content/NewMap.umap" SILENT=true AUTOSAVING=false KEEPDIRTY=false
[2018.02.21-04.42.20:423][216]LogSavePackage: Save=32.89ms
[2018.02.21-04.42.20:423][216]LogSavePackage: Moving '../../../../../GitHub/RoomEscape/EscapeRoom/Saved/NewMapBBE97DE7432E307ABF35BFAD84591D1A.tmp' to '../../../../../GitHub/RoomEscape/EscapeRoom/Content/NewMap.umap'
[2018.02.21-04.42.20:426][216]LogSavePackage: Display: Finished SavePackage ../../../../../GitHub/RoomEscape/EscapeRoom/Content/NewMap.umap
[2018.02.21-04.42.20:456][216]Cmd: OBJ SAVEPACKAGE PACKAGE="/Game/NewMap_BuiltData" FILE="../../../../../GitHub/RoomEscape/EscapeRoom/Content/NewMap_BuiltData.uasset" SILENT=true
[2018.02.21-04.42.20:474][216]LogSavePackage: Save=14.61ms
[2018.02.21-04.42.20:474][216]LogSavePackage: Moving '../../../../../GitHub/RoomEscape/EscapeRoom/Saved/NewMap_BuiltData44D94CFB470E975CDC101F82ED8BE99F.tmp' to '../../../../../GitHub/RoomEscape/EscapeRoom/Content/NewMap_BuiltData.uasset'
[2018.02.21-04.42.20:477][216]LogSavePackage: Display: Finished SavePackage ../../../../../GitHub/RoomEscape/EscapeRoom/Content/NewMap_BuiltData.uasset
