Log file open, 02/20/18 21:35:15
LogWindows: Failed to load 'aqProf.dll' (GetLastError=126)
LogWindows: File 'aqProf.dll' does not exist
LogWindows: Failed to load 'VSPerf140.dll' (GetLastError=126)
LogWindows: File 'VSPerf140.dll' does not exist
LogWindows: Failed to load 'VtuneApi.dll' (GetLastError=126)
LogWindows: File 'VtuneApi.dll' does not exist
LogWindows: Failed to load 'VtuneApi32e.dll' (GetLastError=126)
LogWindows: File 'VtuneApi32e.dll' does not exist
LogInit: Display: Running engine for game: EscapeRoom
LogPlatformFile: Not using cached read wrapper
LogInit: Display: RandInit(1523908227) SRandInit(1523908227).
LogTaskGraph: Started task graph with 5 named threads and 14 total threads with 3 sets of task threads.
LogStats: Stats thread started at 0.186093
LogD3D11RHI: Aftermath initialized
LogPluginManager: Mounting plugin Paper2D
LogPluginManager: Mounting plugin LightPropagationVolume
LogPluginManager: Mounting plugin CodeLiteSourceCodeAccess
LogPluginManager: Mounting plugin GitSourceControl
LogPluginManager: Mounting plugin KDevelopSourceCodeAccess
LogPluginManager: Mounting plugin NullSourceCodeAccess
LogPluginManager: Mounting plugin PerforceSourceControl
LogPluginManager: Mounting plugin SubversionSourceControl
LogPluginManager: Mounting plugin UObjectPlugin
LogPluginManager: Mounting plugin VisualStudioSourceCodeAccess
LogPluginManager: Mounting plugin XCodeSourceCodeAccess
LogPluginManager: Mounting plugin AssetManagerEditor
LogPluginManager: Mounting plugin AudioCapture
LogPluginManager: Mounting plugin FacialAnimation
LogPluginManager: Mounting plugin GameplayTagsEditor
LogPluginManager: Mounting plugin MobileLauncherProfileWizard
LogPluginManager: Mounting plugin PluginBrowser
LogPluginManager: Mounting plugin SpeedTreeImporter
LogPluginManager: Mounting plugin AlembicImporter
LogPluginManager: Mounting plugin CharacterAI
LogPluginManager: Mounting plugin HTML5Networking
LogPluginManager: Mounting plugin AndroidMedia
LogPluginManager: Mounting plugin AvfMedia
LogPluginManager: Mounting plugin MediaPlayerEditor
LogPluginManager: Mounting plugin WmfMedia
LogPluginManager: Mounting plugin TcpMessaging
LogPluginManager: Mounting plugin UdpMessaging
LogPluginManager: Mounting plugin LevelSequenceEditor
LogPluginManager: Mounting plugin MatineeToLevelSequence
LogPluginManager: Mounting plugin OnlineSubsystemGooglePlay
LogPluginManager: Mounting plugin OnlineSubsystemIOS
LogPluginManager: Mounting plugin OnlineSubsystem
LogPluginManager: Mounting plugin OnlineSubsystemNull
LogPluginManager: Mounting plugin OnlineSubsystemUtils
LogPluginManager: Mounting plugin AndroidDeviceProfileSelector
LogPluginManager: Mounting plugin AndroidMoviePlayer
LogPluginManager: Mounting plugin AndroidPermission
LogPluginManager: Mounting plugin AppleMoviePlayer
LogPluginManager: Mounting plugin ArchVisCharacter
LogPluginManager: Mounting plugin CableComponent
LogPluginManager: Mounting plugin CustomMeshComponent
LogPluginManager: Mounting plugin ExampleDeviceProfileSelector
LogPluginManager: Mounting plugin GoogleCloudMessaging
LogPluginManager: Mounting plugin ImmediatePhysics
LogPluginManager: Mounting plugin IOSDeviceProfileSelector
LogPluginManager: Mounting plugin LinuxDeviceProfileSelector
LogPluginManager: Mounting plugin LocationServicesBPLibrary
LogPluginManager: Mounting plugin MobilePatchingUtils
LogPluginManager: Mounting plugin OculusVR
LogPluginManager: Mounting plugin PhysXVehicles
LogPluginManager: Mounting plugin ProceduralMeshComponent
LogPluginManager: Mounting plugin RuntimePhysXCooking
LogPluginManager: Mounting plugin SteamVR
LogPluginManager: Mounting plugin WindowsMoviePlayer
LogInit: Using libcurl 7.47.1
LogInit:  - built for x86_64-pc-win32
LogInit:  - supports SSL with OpenSSL/1.0.2g
LogInit:  - supports HTTP deflate (compression) using libz 1.2.8
LogInit:  - other features:
LogInit:      CURL_VERSION_SSL
LogInit:      CURL_VERSION_LIBZ
LogInit:      CURL_VERSION_IPV6
LogInit:      CURL_VERSION_ASYNCHDNS
LogInit:      CURL_VERSION_LARGEFILE
LogInit:      CURL_VERSION_IDN
LogInit:  CurlRequestOptions (configurable via config and command line):
LogInit:  - bVerifyPeer = false  - Libcurl will NOT verify peer certificate
LogInit:  - bUseHttpProxy = false  - Libcurl will NOT use HTTP proxy
LogInit:  - bDontReuseConnections = false  - Libcurl will reuse connections
LogInit:  - CertBundlePath = nullptr  - Libcurl will use whatever was configured at build time.
LogInit: Build: ++UE4+Release-4.17-CL-3658906
LogInit: Engine Version: 4.17.2-3658906+++UE4+Release-4.17
LogInit: Compatible Engine Version: 4.17.0-3573198+++UE4+Release-4.17
LogInit: Net CL: 3573198
LogDevObjectVersion: Number of dev versions registered: 16
LogDevObjectVersion:   Dev-Blueprints (B0D832E4-1F89-4F0D-ACCF-7EB736FD4AA2): 10
LogDevObjectVersion:   Dev-Build (E1C64328-A22C-4D53-A36C-8E866417BD8C): 0
LogDevObjectVersion:   Dev-Core (375EC13C-06E4-48FB-B500-84F0262A717E): 2
LogDevObjectVersion:   Dev-Editor (E4B068ED-F494-42E9-A231-DA0B2E46BB41): 20
LogDevObjectVersion:   Dev-Framework (CFFC743F-43B0-4480-9391-14DF171D2073): 28
LogDevObjectVersion:   Dev-Mobile (B02B49B5-BB20-44E9-A304-32B752E40360): 0
LogDevObjectVersion:   Dev-Networking (A4E4105C-59A1-49B5-A7C5-40C4547EDFEE): 0
LogDevObjectVersion:   Dev-Online (39C831C9-5AE6-47DC-9A44-9C173E1C8E7C): 0
LogDevObjectVersion:   Dev-Physics (78F01B33-EBEA-4F98-B9B4-84EACCB95AA2): 0
LogDevObjectVersion:   Dev-Platform (6631380F-2D4D-43E0-8009-CF276956A95A): 0
LogDevObjectVersion:   Dev-Rendering (12F88B9F-8875-4AFC-A67C-D90C383ABD29): 19
LogDevObjectVersion:   Dev-Sequencer (7B5AE74C-D270-4C10-A958-57980B212A5A): 4
LogDevObjectVersion:   Dev-VR (D7296918-1DD6-4BDD-9DE2-64A83CC13884): 0
LogDevObjectVersion:   Dev-LoadTimes (C2A15278-BFE7-4AFE-6C17-90FF531DF755): 1
LogDevObjectVersion:   Private-Geometry (6EACA3D4-40EC-4CC1-B786-8BED09428FC5): 1
LogDevObjectVersion:   Dev-AnimPhys (29E575DD-E0A3-4627-9D10-D276232CDCEA): 7
LogInit: Compiled (64-bit): Sep 22 2017 13:47:16
LogInit: Compiled with Visual C++: 19.00.24215.01
LogInit: Build Configuration: Development
LogInit: Branch Name: ++UE4+Release-4.17
LogInit: Command line: -EpicPortal 
LogInit: Base directory: D:/Program Files/UE_4.17/Engine/Binaries/Win64/
LogInit: Installed Engine Build: 1
LogInit: Presizing for max 8388607 objects, including 0 objects not considered by GC, pre-allocating 0 bytes for permanent pool.
LogInit: Object subsystem initialized
[2018.02.21-03.35.16:762][  0]LogInit: Selected Device Profile: [Windows]
[2018.02.21-03.35.16:762][  0]LogInit: Applying CVar settings loaded from the selected device profile: [Windows]
[2018.02.21-03.35.16:779][  0]LogInit: Computer: DESKTOP-546QKGT
[2018.02.21-03.35.16:779][  0]LogInit: User: budhe
[2018.02.21-03.35.16:779][  0]LogInit: CPU Page size=4096, Cores=4
[2018.02.21-03.35.16:779][  0]LogInit: High frequency timer resolution =2.742186 MHz
[2018.02.21-03.35.16:780][  0]LogMemory: Memory total: Physical=15.9GB (16GB approx)
[2018.02.21-03.35.16:780][  0]LogMemory: Platform Memory Stats for Windows
[2018.02.21-03.35.16:780][  0]LogMemory: Process Physical Memory: 281.07 MB used, 281.07 MB peak
[2018.02.21-03.35.16:780][  0]LogMemory: Process Virtual Memory: 282.57 MB used, 282.57 MB peak
[2018.02.21-03.35.16:780][  0]LogMemory: Physical Memory: 10572.23 MB used,  5678.47 MB free, 16250.70 MB total
[2018.02.21-03.35.16:780][  0]LogMemory: Virtual Memory: 715.45 MB used,  5678.47 MB free, 134217728.00 MB total
[2018.02.21-03.35.17:397][  0]LogInit: Using OS detected language (en-US).
[2018.02.21-03.35.17:397][  0]LogInit: Using OS detected locale (en-US).
[2018.02.21-03.35.17:403][  0]LogTextLocalizationManager: No specific localization for 'en-US' exists, so the 'en' localization will be used.
[2018.02.21-03.35.18:440][  0]LogD3D11RHI: D3D11 adapters:
[2018.02.21-03.35.18:497][  0]LogD3D11RHI:    0. 'NVIDIA GeForce GTX 1070' (Feature Level 11_0)
[2018.02.21-03.35.18:497][  0]LogD3D11RHI:       8074/0/8125 MB DedicatedVideo/DedicatedSystem/SharedSystem, Outputs:3, VendorId:0x10de
[2018.02.21-03.35.18:509][  0]LogD3D11RHI:    1. 'Intel(R) HD Graphics 630' (Feature Level 11_0)
[2018.02.21-03.35.18:509][  0]LogD3D11RHI:       128/0/8125 MB DedicatedVideo/DedicatedSystem/SharedSystem, Outputs:0, VendorId:0x8086
[2018.02.21-03.35.18:512][  0]LogD3D11RHI:    2. 'Microsoft Basic Render Driver' (Feature Level 11_0)
[2018.02.21-03.35.18:512][  0]LogD3D11RHI:       0/0/8125 MB DedicatedVideo/DedicatedSystem/SharedSystem, Outputs:0, VendorId:0x1414
[2018.02.21-03.35.18:512][  0]LogD3D11RHI: Chosen D3D11 Adapter: 0
[2018.02.21-03.35.18:523][  0]LogD3D11RHI: Creating new Direct3DDevice
[2018.02.21-03.35.18:523][  0]LogD3D11RHI:     GPU DeviceId: 0x1ba1 (for the marketing name, search the web for "GPU Device Id")
[2018.02.21-03.35.18:523][  0]LogWindows: EnumDisplayDevices:
[2018.02.21-03.35.18:523][  0]LogWindows:    0. 'Intel(R) HD Graphics 630' (P:1 D:1)
[2018.02.21-03.35.18:523][  0]LogWindows:    1. 'Intel(R) HD Graphics 630' (P:0 D:0)
[2018.02.21-03.35.18:524][  0]LogWindows:    2. 'Intel(R) HD Graphics 630' (P:0 D:0)
[2018.02.21-03.35.18:524][  0]LogWindows:    3. 'NVIDIA GeForce GTX 1070' (P:0 D:1)
[2018.02.21-03.35.18:524][  0]LogWindows:    4. 'NVIDIA GeForce GTX 1070' (P:0 D:1)
[2018.02.21-03.35.18:524][  0]LogWindows:    5. 'NVIDIA GeForce GTX 1070' (P:0 D:0)
[2018.02.21-03.35.18:525][  0]LogWindows:    6. 'NVIDIA GeForce GTX 1070' (P:0 D:0)
[2018.02.21-03.35.18:525][  0]LogWindows: DebugString: GetVideoDriverDetailsInvalid PrimaryIsNotTheChoosenAdapter GetVideoDriverDetailsInvalid PrimaryIsNotTheChoosenAdapter GetVideoDriverDetailsInvalid PrimaryIsNotTheChoosenAdapter GetVideoDriverDetailsInvalid PrimaryIsNotTheChoosenAdapter GetVideoDriverDetailsInvalid PrimaryIsNotTheChoosenAdapter GetVideoDriverDetailsInvalid PrimaryIsNotTheChoosenAdapter GetVideoDriverDetailsInvalid PrimaryIsNotTheChoosenAdapter FoundDriverCount:0 
[2018.02.21-03.35.18:525][  0]LogD3D11RHI:     Adapter Name: NVIDIA GeForce GTX 1070
[2018.02.21-03.35.18:525][  0]LogD3D11RHI:   Driver Version: Unknown (internal:Unknown, unified:Unknown)
[2018.02.21-03.35.18:525][  0]LogD3D11RHI:      Driver Date: Unknown
[2018.02.21-03.35.18:525][  0]LogRHI: Texture pool is 1361 MB (70% of 1945 MB)
[2018.02.21-03.35.18:562][  0]LogD3D11RHI: Async texture creation enabled
[2018.02.21-03.35.18:576][  0]LogD3D11RHI: GPU Timing Frequency: 1000.000000 (Debug: 2 1)
[2018.02.21-03.35.18:676][  0]LogShaderCompilers: Guid format shader working directory is 5 characters bigger than the processId version (../../../../../Unreal projects/EscapeRoom/Intermediate/Shaders/WorkingDirectory/7196/).
[2018.02.21-03.35.18:676][  0]LogShaderCompilers: Cleaned the shader compiler working directory 'C:/Users/budhe/AppData/Local/Temp/UnrealShaderWorkingDir/B9A74A164F40F1E024CA69A148DAC824/'.
[2018.02.21-03.35.18:676][  0]LogShaderCompilers: Display: Using Local Shader Compiler.
[2018.02.21-03.35.19:771][  0]LogTemp: Display: Loaded TP AllDesktopTargetPlatform
[2018.02.21-03.35.19:824][  0]LogTemp: Display: Loaded TP MacClientTargetPlatform
[2018.02.21-03.35.19:875][  0]LogTemp: Display: Loaded TP MacNoEditorTargetPlatform
[2018.02.21-03.35.19:930][  0]LogTemp: Display: Loaded TP MacServerTargetPlatform
[2018.02.21-03.35.19:989][  0]LogTemp: Display: Loaded TP MacTargetPlatform
[2018.02.21-03.35.20:050][  0]LogTemp: Display: Loaded TP WindowsClientTargetPlatform
[2018.02.21-03.35.20:116][  0]LogTemp: Display: Loaded TP WindowsNoEditorTargetPlatform
[2018.02.21-03.35.20:177][  0]LogTemp: Display: Loaded TP WindowsServerTargetPlatform
[2018.02.21-03.35.20:224][  0]LogTemp: Display: Loaded TP WindowsTargetPlatform
[2018.02.21-03.35.20:283][  0]LogTemp: Display: Loaded TP AndroidTargetPlatform
[2018.02.21-03.35.20:340][  0]LogTemp: Display: Loaded TP Android_ASTCTargetPlatform
[2018.02.21-03.35.20:396][  0]LogTemp: Display: Loaded TP Android_ATCTargetPlatform
[2018.02.21-03.35.20:450][  0]LogTemp: Display: Loaded TP Android_DXTTargetPlatform
[2018.02.21-03.35.20:505][  0]LogTemp: Display: Loaded TP Android_ETC1TargetPlatform
[2018.02.21-03.35.20:561][  0]LogTemp: Display: Loaded TP Android_ETC2TargetPlatform
[2018.02.21-03.35.20:682][  0]LogTemp: Display: Loaded TP Android_MultiTargetPlatform
[2018.02.21-03.35.20:682][  0]LogTemp: Display: Loaded TP Android_PVRTCTargetPlatform
[2018.02.21-03.35.20:729][  0]LogTemp: Display: Loaded TP HTML5TargetPlatform
[2018.02.21-03.35.20:820][  0]LogTemp: Display: Loaded TP IOSTargetPlatform
[2018.02.21-03.35.20:850][  0]LogTemp: Display: Loaded TP TVOSTargetPlatform
[2018.02.21-03.35.20:914][  0]LogTemp: Display: Loaded TP LinuxClientTargetPlatform
[2018.02.21-03.35.20:972][  0]LogTemp: Display: Loaded TP LinuxNoEditorTargetPlatform
[2018.02.21-03.35.21:025][  0]LogTemp: Display: Loaded TP LinuxServerTargetPlatform
[2018.02.21-03.35.21:091][  0]LogTemp: Display: Loaded TP LinuxTargetPlatform
[2018.02.21-03.35.21:091][  0]LogTargetPlatformManager: Display: Building Assets For Windows
[2018.02.21-03.35.21:549][  0]LogDerivedDataCache: Display: Max Cache Size: 512 MB
[2018.02.21-03.35.21:657][  0]LogDerivedDataCache: Loaded boot cache 0.11s 93MB C:/Users/budhe/AppData/Local/UnrealEngine/4.17/DerivedDataCache/Boot.ddc.
[2018.02.21-03.35.21:657][  0]LogDerivedDataCache: Display: Loaded Boot cache: C:/Users/budhe/AppData/Local/UnrealEngine/4.17/DerivedDataCache/Boot.ddc
[2018.02.21-03.35.21:657][  0]LogDerivedDataCache: FDerivedDataBackendGraph:  Pak pak cache file ../../../../../Unreal projects/EscapeRoom/DerivedDataCache/DDC.ddp not found, will not use a pak cache.
[2018.02.21-03.35.21:657][  0]LogDerivedDataCache: Unable to find inner node Pak for hierarchical cache Hierarchy.
[2018.02.21-03.35.21:657][  0]LogDerivedDataCache: FDerivedDataBackendGraph:  CompressedPak pak cache file ../../../../../Unreal projects/EscapeRoom/DerivedDataCache/Compressed.ddp not found, will not use a pak cache.
[2018.02.21-03.35.21:657][  0]LogDerivedDataCache: Unable to find inner node CompressedPak for hierarchical cache Hierarchy.
[2018.02.21-03.35.21:676][  0]LogDerivedDataCache: Display: Pak cache opened for reading ../../../Engine/DerivedDataCache/Compressed.ddp.
[2018.02.21-03.35.21:689][  0]LogDerivedDataCache: Using Local data cache path C:/Users/budhe/AppData/Local/UnrealEngine/Common/DerivedDataCache: Writable
[2018.02.21-03.35.21:699][  0]LogMaterial: Verifying Global Shaders for PCD3D_SM5
[2018.02.21-03.35.21:700][  0]LogSlate: Using Freetype 2.6.0
[2018.02.21-03.35.21:701][  0]LogSlate: SlateFontCache - WITH_FREETYPE: 1, WITH_HARFBUZZ: 1
[2018.02.21-03.35.21:701][  0]LogSlate: SlateFontCache - WITH_FREETYPE: 1, WITH_HARFBUZZ: 1
[2018.02.21-03.35.22:018][  0]LogAssetRegistry: FAssetRegistry took 0.0268 seconds to start up
[2018.02.21-03.35.22:141][  0]LogInit: Selected Device Profile: [Windows]
[2018.02.21-03.35.22:315][  0]LogContentStreaming: Texture pool size is 0.00 MB
[2018.02.21-03.35.22:619][  0]LogSimplygon: Simplygon DLL not present - disabling.
[2018.02.21-03.35.22:658][  0]LogMeshReduction: Using SimplygonSwarm for distributed automatic mesh merging
[2018.02.21-03.35.22:658][  0]LogMeshReduction: Using QuadricMeshReduction for automatic static mesh reduction
[2018.02.21-03.35.22:658][  0]LogMeshReduction: No automatic skeletal mesh reduction module available
[2018.02.21-03.35.22:658][  0]LogMeshReduction: No automatic mesh merging module available
[2018.02.21-03.35.22:658][  0]LogMeshMerging: No automatic mesh merging module available
[2018.02.21-03.35.23:174][  0]LogNetVersion: EscapeRoom , NetCL: 3573198, EngineNetVer: 2, GameNetVer: 0 (Checksum: 4184261634)
[2018.02.21-03.35.23:435][  0]LogPackageLocalizationCache: Processed 5 localized package path(s) for 2 prioritized culture(s) in 0.065918 seconds
[2018.02.21-03.35.23:442][  0]LogUObjectArray: 35825 objects as part of root set at end of initial load.
[2018.02.21-03.35.23:442][  0]LogUObjectAllocator: 7529104 out of 0 bytes used by permanent object pool.
[2018.02.21-03.35.23:442][  0]LogUObjectArray: CloseDisregardForGC: 0/0 objects in disregard for GC pool
[2018.02.21-03.35.23:494][  0]LogInit: WinSock: version 1.1 (2.2), MaxSocks=32767, MaxUdp=65467
[2018.02.21-03.35.26:476][  0]LogTcpMessaging: Initializing TcpMessaging bridge
[2018.02.21-03.35.26:518][  0]LogUdpMessaging: Initializing bridge on interface 0.0.0.0:0 to multicast group 230.0.0.1:6666.
[2018.02.21-03.35.27:266][  0]LogMaterial: Uniform references updated for custom material expression Custom.
[2018.02.21-03.35.27:715][  0]SourceControl: Source control is disabled
[2018.02.21-03.35.27:715][  0]SourceControl: Source control is disabled
[2018.02.21-03.35.27:768][  0]SourceControl: Source control is disabled
[2018.02.21-03.35.27:818][  0]SourceControl: Source control is disabled
[2018.02.21-03.35.28:621][  0]LogAndroidPermission: UAndroidPermissionCallbackProxy::GetInstance
[2018.02.21-03.35.28:928][  0]LogOcInput: OculusInput pre-init called
[2018.02.21-03.35.29:389][  0]LogEngine: Initializing Engine...
[2018.02.21-03.35.29:392][  0]LogHMD: Failed to initialize OpenVR with code 110
[2018.02.21-03.35.29:710][  0]LogStats: UGameplayTagsManager::ConstructGameplayTagTree: Construct from data asset -  0.000 s
[2018.02.21-03.35.29:710][  0]LogStats: UGameplayTagsManager::ConstructGameplayTagTree: GameplayTagTreeChangedEvent.Broadcast -  0.000 s
[2018.02.21-03.35.29:889][  0]LogAIModule: Creating AISystem for world Untitled
[2018.02.21-03.35.30:000][  0]LogInit: XAudio2 using 'Speakers / Headphones (Realtek Audio)' : 6 channels at 48 kHz using 32 bits per sample (channel mask 0x3f)
[2018.02.21-03.35.31:099][  0]LogInit: FAudioDevice initialized.
[2018.02.21-03.35.31:259][  0]LogDerivedDataCache: Saved boot cache 0.16s 93MB C:/Users/budhe/AppData/Local/UnrealEngine/4.17/DerivedDataCache/Boot.ddc.
[2018.02.21-03.35.31:272][  0]LogInit: Texture streaming: Enabled
[2018.02.21-03.35.31:378][  0]LogEngineSessionManager: EngineSessionManager initialized
[2018.02.21-03.35.31:634][  0]LogInit: Transaction tracking system initialized
[2018.02.21-03.35.31:984][  0]BlueprintLog: New page: Editor Load
[2018.02.21-03.35.33:006][  0]LocalizationService: Localization service is disabled
[2018.02.21-03.35.33:758][  0]LogConsoleResponse: Display: 
[2018.02.21-03.35.33:969][  0]LogCook: Display: Max memory allowance for cook 16384mb min free memory 0mb
[2018.02.21-03.35.33:970][  0]LogCook: Display: Mobile HDR setting 1
[2018.02.21-03.35.33:970][  0]LogGameplayTags: Display: UGameplayTagsManager::DoneAddingNativeTags. DelegateIsBound: 0
[2018.02.21-03.35.33:976][  0]LogFileCache: Scanning file cache for directory 'D:/Unreal projects/EscapeRoom/Content/' took 0.01s
[2018.02.21-03.35.35:343][  0]SourceControl: Source control is disabled
[2018.02.21-03.35.35:343][  0]Cmd: MAP LOAD FILE="../../../../../Unreal projects/EscapeRoom/Content/NewMap.umap" TEMPLATE=0 SHOWPROGRESS=1 FEATURELEVEL=3
[2018.02.21-03.35.35:344][  0]LightingResults: New page: Lighting Build
[2018.02.21-03.35.35:391][  0]MapCheck: New page: Map Check
[2018.02.21-03.35.35:391][  0]LightingResults: New page: Lighting Build
[2018.02.21-03.35.35:625][  0]LogAIModule: Creating AISystem for world NewMap
[2018.02.21-03.35.35:631][  0]LogEditorServer: Finished looking for orphan Actors (0.000 secs)
[2018.02.21-03.35.35:650][  0]Cmd: MAP CHECKDEP NOCLEARLOG
[2018.02.21-03.35.35:723][  0]MapCheck: Map check complete: 0 Error(s), 0 Warning(s), took 72.485ms to complete.
[2018.02.21-03.35.35:723][  0]LogFileHelpers: Loading map 'NewMap' took 0.380
[2018.02.21-03.35.36:017][  0]LogCollectionManager: Loaded 0 collections in 0.001062 seconds
[2018.02.21-03.35.36:115][  0]LogFileCache: Scanning file cache for directory 'D:/Unreal projects/EscapeRoom/Saved/Collections/' took 0.01s
[2018.02.21-03.35.36:115][  0]LogFileCache: Scanning file cache for directory 'D:/Unreal projects/EscapeRoom/Content/Developers/budhe/Collections/' took 0.01s
[2018.02.21-03.35.36:115][  0]LogFileCache: Scanning file cache for directory 'D:/Unreal projects/EscapeRoom/Content/Collections/' took 0.01s
[2018.02.21-03.35.36:115][  0]LogCollectionManager: Rebuilt the GUID cache for 0 collections in 0.000001 seconds
[2018.02.21-03.35.36:128][  0]LogContentBrowser: Native class hierarchy populated in 0.0130 seconds. Added 2387 classes and 502 folders.
[2018.02.21-03.35.36:204][  0]LogContentBrowser: Native class hierarchy updated for 'WidgetCarousel' in 0.0027 seconds. Added 0 classes and 0 folders.
[2018.02.21-03.35.36:277][  0]LogContentBrowser: Native class hierarchy updated for 'AddContentDialog' in 0.0024 seconds. Added 0 classes and 0 folders.
[2018.02.21-03.35.36:327][  0]LogContentBrowser: Native class hierarchy updated for 'SceneOutliner' in 0.0022 seconds. Added 1 classes and 2 folders.
[2018.02.21-03.35.36:382][  0]LogSlate: Took 0.000601 seconds to synchronously load lazily loaded font '../../../Engine/Content/Slate/Fonts/Roboto-Regular.ttf' (155K)
[2018.02.21-03.35.36:384][  0]LogSlate: Took 0.000312 seconds to synchronously load lazily loaded font '../../../Engine/Content/Slate/Fonts/Roboto-Bold.ttf' (160K)
[2018.02.21-03.35.36:391][  0]LogSlate: Took 0.000361 seconds to synchronously load lazily loaded font '../../../Engine/Content/Editor/Slate/Fonts/FontAwesome.ttf' (139K)
[2018.02.21-03.35.36:512][  0]LogRenderer: Reallocating scene render targets to support 1208x728 Format 10 NumSamples 1 (Frame:1).
[2018.02.21-03.35.36:582][  0]LogSlate: Took 0.000681 seconds to synchronously load lazily loaded font '../../../Engine/Content/Slate/Fonts/Roboto-Light.ttf' (159K)
[2018.02.21-03.35.36:703][  0]LogContentBrowser: Native class hierarchy updated for 'HierarchicalLODOutliner' in 0.0024 seconds. Added 1 classes and 2 folders.
[2018.02.21-03.35.36:703][  0]LogLoad: (Engine Initialization) Total time: 22.58 seconds
[2018.02.21-03.35.36:703][  0]LogLoad: (Engine Initialization) Total Blueprint compile time: 0.00 seconds
[2018.02.21-03.35.36:704][  0]LogExternalProfiler: No external profilers were discovered.  External profiling features will not be available.
[2018.02.21-03.35.36:721][  0]LogWindowsTextInputMethodSystem: Display: IME system now deactivated.
[2018.02.21-03.35.36:741][  0]LogContentStreaming: Texture pool size now 1000 MB
[2018.02.21-03.35.36:783][  1]LogAssetRegistry: Asset discovery search completed in 14.7872 seconds
[2018.02.21-03.35.36:785][  1]LogCollectionManager: Rebuilt the object cache for 0 collections in 0.000000 seconds (found 0 objects)
[2018.02.21-03.35.36:785][  1]LogCollectionManager: Fixed up redirectors for 0 collections in 0.000060 seconds (updated 0 objects)
[2018.02.21-03.36.35:324][854]LogEditorViewport: Clicking on Actor (LMB): StaticMeshActor (Floor)
[2018.02.21-03.36.55:705][475]LogEditorViewport: Clicking on Actor (LMB): StaticMeshActor (Floor)
[2018.02.21-03.37.08:419][702]LogWindows: LaunchURL http://docs.unrealengine.com/latest/INT/Engine/UI/LevelEditor/Viewports/ViewportControls/index.html
[2018.02.21-03.37.13:664][727]LogEditorViewport: Clicking on Actor (context menu): BP_Sky_Sphere_C (Sky Sphere)
[2018.02.21-03.37.34:087][ 62]LogWindows: LaunchURL http://docs.unrealengine.com/latest/INT/Engine/UI/LevelEditor/Viewports/ViewportControls/index.html
[2018.02.21-03.40.00:027][470]LogEditorViewport: Clicking on Actor (LMB): StaticMeshActor (Floor)
[2018.02.21-03.40.02:495][611]LogEditorViewport: Clicking on Actor (LMB): StaticMeshActor (Floor)
[2018.02.21-03.41.01:301][216]LogActorFactory: Actor Factory created SM_Chair
[2018.02.21-03.41.08:387][632]LogActorFactory: Actor Factory created SM_Chair
[2018.02.21-03.41.40:960][578]Cmd: CAMERA ALIGN ACTIVEVIEWPORTONLY
[2018.02.21-03.42.25:456][328]LogEditorViewport: Clicking on Actor (context menu): BP_Sky_Sphere_C (Sky Sphere)
[2018.02.21-03.42.26:308][352]LogEditorViewport: Clicking on Actor (LMB): StaticMeshActor (SM_Chair)
[2018.02.21-03.42.27:149][399]Cmd: CAMERA ALIGN ACTIVEVIEWPORTONLY
[2018.02.21-03.43.24:959][860]LogSlate: Took 0.000335 seconds to synchronously load lazily loaded font '../../../Engine/Content/Slate/Fonts/Roboto-Light.ttf' (159K)
[2018.02.21-03.43.24:994][860]Cmd: OBJ SAVEPACKAGE PACKAGE="/Game/NewMap" FILE="../../../../../Unreal projects/EscapeRoom/Content/NewMap.umap" SILENT=true AUTOSAVING=false KEEPDIRTY=false
[2018.02.21-03.43.25:327][860]LogSavePackage: Save=28.44ms
[2018.02.21-03.43.25:327][860]LogSavePackage: Moving '../../../../../Unreal projects/EscapeRoom/Saved/NewMapB97FBBBC493C835260220185855AF8D9.tmp' to '../../../../../Unreal projects/EscapeRoom/Content/NewMap.umap'
[2018.02.21-03.43.25:333][860]LogSavePackage: Display: Finished SavePackage ../../../../../Unreal projects/EscapeRoom/Content/NewMap.umap
[2018.02.21-03.43.25:363][860]Cmd: OBJ SAVEPACKAGE PACKAGE="/Game/NewMap_BuiltData" FILE="../../../../../Unreal projects/EscapeRoom/Content/NewMap_BuiltData.uasset" SILENT=true
[2018.02.21-03.43.25:391][860]LogSavePackage: Save=16.97ms
[2018.02.21-03.43.25:391][860]LogSavePackage: Moving '../../../../../Unreal projects/EscapeRoom/Saved/NewMap_BuiltData7C11F08D49D8DF07A507CE9E0440A1EE.tmp' to '../../../../../Unreal projects/EscapeRoom/Content/NewMap_BuiltData.uasset'
[2018.02.21-03.43.25:393][860]LogSavePackage: Display: Finished SavePackage ../../../../../Unreal projects/EscapeRoom/Content/NewMap_BuiltData.uasset
[2018.02.21-03.43.33:641][340]LogActorFactory: Actor Factory created SM_Rock
[2018.02.21-03.43.37:656][579]LogActorFactory: Actor Factory created SM_Rock
[2018.02.21-03.43.40:912][770]LogEditorViewport: Clicking on Actor (LMB): StaticMeshActor (Floor)
[2018.02.21-03.43.45:170][ 22]LogEditorViewport: Clicking on Actor (context menu): StaticMeshActor (SM_Rock)
[2018.02.21-03.43.46:025][ 65]LogEditorViewport: Clicking on Actor (LMB): StaticMeshActor (SM_Rock)
[2018.02.21-03.43.49:523][271]LogEditorViewport: Clicking on Actor (context menu): StaticMeshActor (SM_Chair)
[2018.02.21-03.43.52:572][444]LogEditorViewport: Clicking on Actor (context menu): StaticMeshActor (SM_Chair)
[2018.02.21-03.43.53:459][492]LogEditorViewport: Clicking on Actor (LMB): StaticMeshActor (Floor)
[2018.02.21-03.43.54:182][532]LogEditorViewport: Clicking on Actor (LMB): StaticMeshActor (SM_Chair)
[2018.02.21-03.44.16:019][798]LogEditorViewport: Clicking on Actor (LMB): StaticMeshActor (Floor)
[2018.02.21-03.44.18:064][916]LogEditorViewport: Clicking on Actor (LMB): StaticMeshActor (SM_Chair)
[2018.02.21-03.44.18:452][935]LogEditorViewport: Clicking on Actor (context menu): StaticMeshActor (SM_Chair)
[2018.02.21-03.44.19:228][977]LogEditorViewport: Clicking on Actor (LMB): StaticMeshActor (SM_Chair)
[2018.02.21-03.44.19:975][ 21]LogEditorViewport: Clicking on Actor (LMB): StaticMeshActor (SM_Chair)
[2018.02.21-03.44.28:901][553]LogEditorViewport: Clicking on Actor (LMB): StaticMeshActor (Floor)
[2018.02.21-03.44.29:687][597]Cmd: CAMERA ALIGN ACTIVEVIEWPORTONLY
[2018.02.21-03.44.30:252][630]Cmd: CAMERA ALIGN ACTIVEVIEWPORTONLY
[2018.02.21-03.44.30:638][651]Cmd: CAMERA ALIGN ACTIVEVIEWPORTONLY
[2018.02.21-03.44.31:104][678]Cmd: CAMERA ALIGN ACTIVEVIEWPORTONLY
[2018.02.21-03.44.31:565][705]LogEditorViewport: Clicking on Actor (context menu): StaticMeshActor (SM_Chair)
[2018.02.21-03.44.33:408][808]LogEditorViewport: Clicking on Actor (LMB): StaticMeshActor (Floor)
[2018.02.21-03.44.34:099][845]LogEditorViewport: Clicking on Actor (LMB): StaticMeshActor (SM_Chair)
[2018.02.21-03.44.34:633][874]Cmd: CAMERA ALIGN ACTIVEVIEWPORTONLY
[2018.02.21-03.44.48:133][676]Cmd: OBJ SAVEPACKAGE PACKAGE="/Game/NewMap" FILE="../../../../../Unreal projects/EscapeRoom/Content/NewMap.umap" SILENT=true AUTOSAVING=false KEEPDIRTY=false
[2018.02.21-03.44.48:177][676]LogSavePackage: Save=30.49ms
[2018.02.21-03.44.48:177][676]LogSavePackage: Moving '../../../../../Unreal projects/EscapeRoom/Saved/NewMapEA1B1049407C219A54D73A9EC78D05E5.tmp' to '../../../../../Unreal projects/EscapeRoom/Content/NewMap.umap'
[2018.02.21-03.44.48:181][676]LogSavePackage: Display: Finished SavePackage ../../../../../Unreal projects/EscapeRoom/Content/NewMap.umap
[2018.02.21-03.44.48:213][676]Cmd: OBJ SAVEPACKAGE PACKAGE="/Game/NewMap_BuiltData" FILE="../../../../../Unreal projects/EscapeRoom/Content/NewMap_BuiltData.uasset" SILENT=true
[2018.02.21-03.44.48:229][676]LogSavePackage: Save=12.89ms
[2018.02.21-03.44.48:230][676]LogSavePackage: Moving '../../../../../Unreal projects/EscapeRoom/Saved/NewMap_BuiltData4745844F4CB2691D7C18DD847851714F.tmp' to '../../../../../Unreal projects/EscapeRoom/Content/NewMap_BuiltData.uasset'
[2018.02.21-03.44.48:232][676]LogSavePackage: Display: Finished SavePackage ../../../../../Unreal projects/EscapeRoom/Content/NewMap_BuiltData.uasset
[2018.02.21-03.46.21:767][255]LogEditorViewport: Clicking on Actor (LMB): StaticMeshActor (Floor)
[2018.02.21-03.46.37:230][168]Cmd: STAT FPS
[2018.02.21-03.47.39:634][111]LogEditorViewport: Clicking on Actor (LMB): StaticMeshActor (SM_Chair)
[2018.02.21-03.48.02:419][449]LogEditorViewport: Clicking on Actor (LMB): StaticMeshActor (Floor)
[2018.02.21-03.48.02:738][465]LogEditorViewport: Clicking on Actor (context menu): StaticMeshActor (Floor)
[2018.02.21-03.48.03:362][497]LogEditorViewport: Clicking on Actor (context menu): StaticMeshActor (SM_Rock)
[2018.02.21-03.48.03:746][512]LogEditorViewport: Clicking on Actor (LMB): StaticMeshActor (SM_Rock)
[2018.02.21-03.48.04:162][535]LogEditorViewport: Clicking on Actor (LMB): StaticMeshActor (SM_Rock)
[2018.02.21-03.48.14:664][151]Cmd: OBJ SAVEPACKAGE PACKAGE="/Game/NewMap" FILE="../../../../../Unreal projects/EscapeRoom/Content/NewMap.umap" SILENT=true AUTOSAVING=false KEEPDIRTY=false
[2018.02.21-03.48.14:712][151]LogSavePackage: Save=32.54ms
[2018.02.21-03.48.14:712][151]LogSavePackage: Moving '../../../../../Unreal projects/EscapeRoom/Saved/NewMap95D9DE32436EE67B2005A686B712CB56.tmp' to '../../../../../Unreal projects/EscapeRoom/Content/NewMap.umap'
[2018.02.21-03.48.14:714][151]LogSavePackage: Display: Finished SavePackage ../../../../../Unreal projects/EscapeRoom/Content/NewMap.umap
[2018.02.21-03.48.14:745][151]Cmd: OBJ SAVEPACKAGE PACKAGE="/Game/NewMap_BuiltData" FILE="../../../../../Unreal projects/EscapeRoom/Content/NewMap_BuiltData.uasset" SILENT=true
[2018.02.21-03.48.14:763][151]LogSavePackage: Save=14.50ms
[2018.02.21-03.48.14:763][151]LogSavePackage: Moving '../../../../../Unreal projects/EscapeRoom/Saved/NewMap_BuiltData15B77D3A46FB75B49DEEF28070F0A401.tmp' to '../../../../../Unreal projects/EscapeRoom/Content/NewMap_BuiltData.uasset'
[2018.02.21-03.48.14:765][151]LogSavePackage: Display: Finished SavePackage ../../../../../Unreal projects/EscapeRoom/Content/NewMap_BuiltData.uasset
[2018.02.21-03.48.29:698][ 33]LogEditorViewport: Clicking on Actor (LMB): StaticMeshActor (Floor)
[2018.02.21-03.48.30:541][ 77]Cmd: OBJ SAVEPACKAGE PACKAGE="/Game/NewMap" FILE="../../../../../Unreal projects/EscapeRoom/Content/NewMap.umap" SILENT=true AUTOSAVING=false KEEPDIRTY=false
[2018.02.21-03.48.30:592][ 77]LogSavePackage: Save=29.71ms
[2018.02.21-03.48.30:592][ 77]LogSavePackage: Moving '../../../../../Unreal projects/EscapeRoom/Saved/NewMap0514FE9C4AE1AFC93EE51992C7943064.tmp' to '../../../../../Unreal projects/EscapeRoom/Content/NewMap.umap'
[2018.02.21-03.48.30:594][ 77]LogSavePackage: Display: Finished SavePackage ../../../../../Unreal projects/EscapeRoom/Content/NewMap.umap
[2018.02.21-03.48.30:629][ 77]Cmd: OBJ SAVEPACKAGE PACKAGE="/Game/NewMap_BuiltData" FILE="../../../../../Unreal projects/EscapeRoom/Content/NewMap_BuiltData.uasset" SILENT=true
[2018.02.21-03.48.30:652][ 77]LogSavePackage: Save=12.82ms
[2018.02.21-03.48.30:652][ 77]LogSavePackage: Moving '../../../../../Unreal projects/EscapeRoom/Saved/NewMap_BuiltData94A1BE694B04A1581628458254405A3A.tmp' to '../../../../../Unreal projects/EscapeRoom/Content/NewMap_BuiltData.uasset'
[2018.02.21-03.48.30:655][ 77]LogSavePackage: Display: Finished SavePackage ../../../../../Unreal projects/EscapeRoom/Content/NewMap_BuiltData.uasset
[2018.02.21-03.48.42:827][216]LogEditorViewport: Clicking on Actor (LMB): StaticMeshActor (Floor)
[2018.02.21-03.48.43:293][240]Cmd: OBJ SAVEPACKAGE PACKAGE="/Game/NewMap" FILE="../../../../../Unreal projects/EscapeRoom/Content/NewMap.umap" SILENT=true AUTOSAVING=false KEEPDIRTY=false
[2018.02.21-03.48.43:338][240]LogSavePackage: Save=29.94ms
[2018.02.21-03.48.43:338][240]LogSavePackage: Moving '../../../../../Unreal projects/EscapeRoom/Saved/NewMap3AA0982648BCB18825C13B997D07E456.tmp' to '../../../../../Unreal projects/EscapeRoom/Content/NewMap.umap'
[2018.02.21-03.48.43:340][240]LogSavePackage: Display: Finished SavePackage ../../../../../Unreal projects/EscapeRoom/Content/NewMap.umap
[2018.02.21-03.48.43:372][240]Cmd: OBJ SAVEPACKAGE PACKAGE="/Game/NewMap_BuiltData" FILE="../../../../../Unreal projects/EscapeRoom/Content/NewMap_BuiltData.uasset" SILENT=true
[2018.02.21-03.48.43:389][240]LogSavePackage: Save=13.24ms
[2018.02.21-03.48.43:389][240]LogSavePackage: Moving '../../../../../Unreal projects/EscapeRoom/Saved/NewMap_BuiltData55C4152B428ACD63DA9BE3BDAE2CEF73.tmp' to '../../../../../Unreal projects/EscapeRoom/Content/NewMap_BuiltData.uasset'
[2018.02.21-03.48.43:391][240]LogSavePackage: Display: Finished SavePackage ../../../../../Unreal projects/EscapeRoom/Content/NewMap_BuiltData.uasset
[2018.02.21-03.50.32:470][736]Cmd: OBJ SAVEPACKAGE PACKAGE="/Game/NewMap" FILE="../../../../../Unreal projects/EscapeRoom/Content/NewMap.umap" SILENT=true AUTOSAVING=false KEEPDIRTY=false
[2018.02.21-03.50.32:512][736]LogSavePackage: Save=28.99ms
[2018.02.21-03.50.32:512][736]LogSavePackage: Moving '../../../../../Unreal projects/EscapeRoom/Saved/NewMap9D0767D14175A72CFF87B3A300E8A631.tmp' to '../../../../../Unreal projects/EscapeRoom/Content/NewMap.umap'
[2018.02.21-03.50.32:514][736]LogSavePackage: Display: Finished SavePackage ../../../../../Unreal projects/EscapeRoom/Content/NewMap.umap
[2018.02.21-03.50.32:541][736]Cmd: OBJ SAVEPACKAGE PACKAGE="/Game/NewMap_BuiltData" FILE="../../../../../Unreal projects/EscapeRoom/Content/NewMap_BuiltData.uasset" SILENT=true
[2018.02.21-03.50.32:556][736]LogSavePackage: Save=10.58ms
[2018.02.21-03.50.32:557][736]LogSavePackage: Moving '../../../../../Unreal projects/EscapeRoom/Saved/NewMap_BuiltData5C69FEF249AEC126DDD0EFB7C03E75E7.tmp' to '../../../../../Unreal projects/EscapeRoom/Content/NewMap_BuiltData.uasset'
[2018.02.21-03.50.32:558][736]LogSavePackage: Display: Finished SavePackage ../../../../../Unreal projects/EscapeRoom/Content/NewMap_BuiltData.uasset
[2018.02.21-03.50.34:475][833]Cmd: QUIT_EDITOR
[2018.02.21-03.50.34:505][833]LogWindowsTextInputMethodSystem: Display: IME system now deactivated.
[2018.02.21-03.50.34:522][833]LogExit: Preparing to exit.
[2018.02.21-03.50.34:989][833]LogDirectoryWatcher: A directory notification for 'D:/Unreal projects/EscapeRoom/Content/' was aborted.
[2018.02.21-03.50.35:009][833]LogExit: Editor shut down
[2018.02.21-03.50.35:013][833]LogExit: Transaction tracking system shut down
[2018.02.21-03.50.35:142][833]LogDirectoryWatcher: A directory notification for '../../../Engine/Content/' was aborted.
[2018.02.21-03.50.35:142][833]LogDirectoryWatcher: A directory notification for '../../../../../Unreal projects/EscapeRoom/Content/' was aborted.
[2018.02.21-03.50.35:142][833]LogDirectoryWatcher: A directory notification for '../../../Engine/Plugins/2D/Paper2D/Content/' was aborted.
[2018.02.21-03.50.35:142][833]LogDirectoryWatcher: A directory notification for '../../../Engine/Plugins/Runtime/Oculus/OculusVR/Content/' was aborted.
[2018.02.21-03.50.35:142][833]LogDirectoryWatcher: A directory notification for '../../../Engine/Plugins/Runtime/Steam/SteamVR/Content/' was aborted.
[2018.02.21-03.50.35:192][833]LogExit: Object subsystem successfully closed.
[2018.02.21-03.50.35:218][833]LogD3D11RHI: Shutdown
[2018.02.21-03.50.35:219][833]LogD3D11RHI: CleanupD3DDevice
[2018.02.21-03.50.35:328][833]LogD3D11RHI: ~FD3D11DynamicRHI
[2018.02.21-03.50.35:338][833]LogModuleManager: Shutting down and abandoning module HierarchicalLODOutliner (532)
[2018.02.21-03.50.35:338][833]LogModuleManager: Shutting down and abandoning module SceneOutliner (530)
[2018.02.21-03.50.35:338][833]LogModuleManager: Shutting down and abandoning module AddContentDialog (528)
[2018.02.21-03.50.35:339][833]LogDirectoryWatcher: A directory notification for 'D:/Program Files/UE_4.17/FeaturePacks/' was aborted.
[2018.02.21-03.50.35:340][833]LogModuleManager: Shutting down and abandoning module WidgetCarousel (527)
[2018.02.21-03.50.35:340][833]LogModuleManager: Shutting down and abandoning module EditorWidgets (524)
[2018.02.21-03.50.35:340][833]LogModuleManager: Shutting down and abandoning module CollectionManager (522)
[2018.02.21-03.50.35:340][833]LogDirectoryWatcher: A directory notification for 'D:/Unreal projects/EscapeRoom/Content/Collections/' was aborted.
[2018.02.21-03.50.35:340][833]LogDirectoryWatcher: A directory notification for 'D:/Unreal projects/EscapeRoom/Content/Developers/budhe/Collections/' was aborted.
[2018.02.21-03.50.35:340][833]LogDirectoryWatcher: A directory notification for 'D:/Unreal projects/EscapeRoom/Saved/Collections/' was aborted.
[2018.02.21-03.50.35:340][833]LogModuleManager: Shutting down and abandoning module StatsViewer (520)
[2018.02.21-03.50.35:340][833]LogModuleManager: Shutting down and abandoning module FoliageEdit (518)
[2018.02.21-03.50.35:340][833]LogModuleManager: Shutting down and abandoning module LandscapeEditor (516)
[2018.02.21-03.50.35:340][833]LogModuleManager: Shutting down and abandoning module MeshPaintMode (514)
[2018.02.21-03.50.35:340][833]LogModuleManager: Shutting down and abandoning module SceneDepthPickerMode (512)
[2018.02.21-03.50.35:340][833]LogModuleManager: Shutting down and abandoning module ActorPickerMode (510)
[2018.02.21-03.50.35:340][833]LogModuleManager: Shutting down and abandoning module GeometryMode (508)
[2018.02.21-03.50.35:340][833]LogModuleManager: Shutting down and abandoning module TextureAlignMode (506)
[2018.02.21-03.50.35:340][833]LogModuleManager: Shutting down and abandoning module BspMode (504)
[2018.02.21-03.50.35:340][833]LogModuleManager: Shutting down and abandoning module PIEPreviewDeviceProfileSelector (502)
[2018.02.21-03.50.35:340][833]LogModuleManager: Shutting down and abandoning module HardwareSurvey (500)
[2018.02.21-03.50.35:340][833]LogModuleManager: Shutting down and abandoning module SequenceRecorderSections (498)
[2018.02.21-03.50.35:340][833]LogModuleManager: Shutting down and abandoning module AutomationWorker (496)
[2018.02.21-03.50.35:340][833]LogModuleManager: Shutting down and abandoning module MatineeToLevelSequence (494)
[2018.02.21-03.50.35:340][833]LogModuleManager: Shutting down and abandoning module LevelSequenceEditor (492)
[2018.02.21-03.50.35:341][833]LogModuleManager: Shutting down and abandoning module PlacementMode (491)
[2018.02.21-03.50.35:341][833]LogModuleManager: Shutting down and abandoning module WmfMediaFactory (488)
[2018.02.21-03.50.35:341][833]LogModuleManager: Shutting down and abandoning module WmfMediaEditor (486)
[2018.02.21-03.50.35:341][833]LogModuleManager: Shutting down and abandoning module AvfMediaFactory (484)
[2018.02.21-03.50.35:341][833]LogModuleManager: Shutting down and abandoning module AvfMediaEditor (482)
[2018.02.21-03.50.35:341][833]LogModuleManager: Shutting down and abandoning module AndroidMediaFactory (480)
[2018.02.21-03.50.35:341][833]LogModuleManager: Shutting down and abandoning module Media (479)
[2018.02.21-03.50.35:341][833]LogModuleManager: Shutting down and abandoning module AndroidMediaEditor (476)
[2018.02.21-03.50.35:341][833]LogModuleManager: Shutting down and abandoning module CharacterAI (474)
[2018.02.21-03.50.35:341][833]LogModuleManager: Shutting down and abandoning module AudioCapture (472)
[2018.02.21-03.50.35:341][833]LogModuleManager: Shutting down and abandoning module SequenceRecorder (471)
[2018.02.21-03.50.35:341][833]LogModuleManager: Shutting down and abandoning module SmartSnapping (468)
[2018.02.21-03.50.35:341][833]LogModuleManager: Shutting down and abandoning module SessionServices (466)
[2018.02.21-03.50.35:341][833]LogModuleManager: Shutting down and abandoning module ViewportSnapping (464)
[2018.02.21-03.50.35:341][833]LogModuleManager: Shutting down and abandoning module ViewportInteraction (462)
[2018.02.21-03.50.35:341][833]LogModuleManager: Shutting down and abandoning module ClothPainter (460)
[2018.02.21-03.50.35:341][833]LogModuleManager: Shutting down and abandoning module LogVisualizer (458)
[2018.02.21-03.50.35:341][833]LogModuleManager: Shutting down and abandoning module IntroTutorials (456)
[2018.02.21-03.50.35:341][833]LogModuleManager: Shutting down and abandoning module GameProjectGeneration (455)
[2018.02.21-03.50.35:341][833]LogModuleManager: Shutting down and abandoning module IOSPlatformEditor (452)
[2018.02.21-03.50.35:341][833]LogModuleManager: Shutting down and abandoning module HTML5PlatformEditor (450)
[2018.02.21-03.50.35:341][833]LogModuleManager: Shutting down and abandoning module AndroidPlatformEditor (448)
[2018.02.21-03.50.35:341][833]LogModuleManager: Shutting down and abandoning module AndroidDeviceDetection (447)
[2018.02.21-03.50.35:879][833]LogModuleManager: Shutting down and abandoning module WindowsPlatformEditor (444)
[2018.02.21-03.50.35:879][833]LogModuleManager: Shutting down and abandoning module IOSRuntimeSettings (442)
[2018.02.21-03.50.35:880][833]LogModuleManager: Shutting down and abandoning module AndroidRuntimeSettings (440)
[2018.02.21-03.50.35:880][833]LogModuleManager: Shutting down and abandoning module InputBindingEditor (438)
[2018.02.21-03.50.35:880][833]LogModuleManager: Shutting down and abandoning module MergeActors (436)
[2018.02.21-03.50.35:880][833]LogModuleManager: Shutting down and abandoning module SizeMap (434)
[2018.02.21-03.50.35:880][833]LogModuleManager: Shutting down and abandoning module TreeMap (432)
[2018.02.21-03.50.35:880][833]LogModuleManager: Shutting down and abandoning module ReferenceViewer (430)
[2018.02.21-03.50.35:880][833]LogModuleManager: Shutting down and abandoning module LocalizationDashboard (428)
[2018.02.21-03.50.35:880][833]LogModuleManager: Shutting down and abandoning module LocalizationService (427)
[2018.02.21-03.50.35:880][833]LogModuleManager: Shutting down and abandoning module HardwareTargeting (424)
[2018.02.21-03.50.35:880][833]LogModuleManager: Shutting down and abandoning module DeviceProfileEditor (422)
[2018.02.21-03.50.35:880][833]LogModuleManager: Shutting down and abandoning module UndoHistory (420)
[2018.02.21-03.50.35:880][833]LogModuleManager: Shutting down and abandoning module XmlParser (418)
[2018.02.21-03.50.35:880][833]LogModuleManager: Shutting down and abandoning module Blutility (416)
[2018.02.21-03.50.35:880][833]LogModuleManager: Shutting down and abandoning module ProjectSettingsViewer (414)
[2018.02.21-03.50.35:880][833]LogModuleManager: Shutting down and abandoning module ProjectTargetPlatformEditor (413)
[2018.02.21-03.50.35:880][833]LogModuleManager: Shutting down and abandoning module EditorSettingsViewer (410)
[2018.02.21-03.50.35:880][833]LogModuleManager: Shutting down and abandoning module SettingsEditor (408)
[2018.02.21-03.50.35:880][833]LogModuleManager: Shutting down and abandoning module ProjectLauncher (406)
[2018.02.21-03.50.35:880][833]LogModuleManager: Shutting down and abandoning module SessionFrontend (404)
[2018.02.21-03.50.35:880][833]LogModuleManager: Shutting down and abandoning module ProfilerClient (402)
[2018.02.21-03.50.35:880][833]LogModuleManager: Shutting down and abandoning module DeviceManager (400)
[2018.02.21-03.50.35:880][833]LogModuleManager: Shutting down and abandoning module TargetDeviceServices (399)
[2018.02.21-03.50.35:935][833]LogModuleManager: Shutting down and abandoning module AutomationController (396)
[2018.02.21-03.50.35:935][833]LogModuleManager: Shutting down and abandoning module AutomationWindow (394)
[2018.02.21-03.50.35:935][833]LogModuleManager: Shutting down and abandoning module Layers (392)
[2018.02.21-03.50.35:935][833]LogModuleManager: Shutting down and abandoning module ComponentVisualizers (390)
[2018.02.21-03.50.35:935][833]LogModuleManager: Shutting down and abandoning module DetailCustomizations (388)
[2018.02.21-03.50.35:935][833]LogModuleManager: Shutting down and abandoning module PackagesDialog (386)
[2018.02.21-03.50.35:935][833]LogModuleManager: Shutting down and abandoning module Persona (384)
[2018.02.21-03.50.35:935][833]LogModuleManager: Shutting down and abandoning module AdvancedPreviewScene (383)
[2018.02.21-03.50.35:935][833]LogModuleManager: Shutting down and abandoning module AnimGraph (381)
[2018.02.21-03.50.35:935][833]LogModuleManager: Shutting down and abandoning module Kismet (378)
[2018.02.21-03.50.35:936][833]LogModuleManager: Shutting down and abandoning module ClassViewer (376)
[2018.02.21-03.50.35:936][833]LogModuleManager: Shutting down and abandoning module Toolbox (374)
[2018.02.21-03.50.35:936][833]LogModuleManager: Shutting down and abandoning module ModuleUI (372)
[2018.02.21-03.50.35:936][833]LogModuleManager: Shutting down and abandoning module MovieSceneTools (370)
[2018.02.21-03.50.35:936][833]LogModuleManager: Shutting down and abandoning module OutputLog (368)
[2018.02.21-03.50.35:936][833]LogModuleManager: Shutting down and abandoning module GammaUI (366)
[2018.02.21-03.50.35:936][833]LogModuleManager: Shutting down and abandoning module Documentation (364)
[2018.02.21-03.50.35:936][833]LogModuleManager: Shutting down and abandoning module MovieSceneTracks (362)
[2018.02.21-03.50.35:936][833]LogModuleManager: Shutting down and abandoning module MovieScene (360)
[2018.02.21-03.50.35:936][833]LogModuleManager: Shutting down and abandoning module Niagara (358)
[2018.02.21-03.50.35:936][833]LogModuleManager: Shutting down and abandoning module NiagaraEditor (357)
[2018.02.21-03.50.35:936][833]LogModuleManager: Shutting down and abandoning module StreamingPauseRendering (354)
[2018.02.21-03.50.35:936][833]LogModuleManager: Shutting down and abandoning module LauncherPlatform (352)
[2018.02.21-03.50.35:937][833]LogModuleManager: Shutting down and abandoning module AnalyticsET (350)
[2018.02.21-03.50.35:937][833]LogModuleManager: Shutting down and abandoning module PortalServices (348)
[2018.02.21-03.50.35:937][833]LogModuleManager: Shutting down and abandoning module PortalRpc (346)
[2018.02.21-03.50.35:937][833]LogModuleManager: Shutting down and abandoning module MessagingRpc (344)
[2018.02.21-03.50.35:937][833]LogModuleManager: Shutting down and abandoning module AIModule (342)
[2018.02.21-03.50.35:937][833]LogModuleManager: Shutting down and abandoning module GameplayDebugger (341)
[2018.02.21-03.50.35:937][833]LogModuleManager: Shutting down and abandoning module AITestSuite (339)
[2018.02.21-03.50.35:937][833]LogModuleManager: Shutting down and abandoning module ProfilerService (336)
[2018.02.21-03.50.36:048][833]LogModuleManager: Shutting down and abandoning module TaskGraph (334)
[2018.02.21-03.50.36:048][833]LogModuleManager: Shutting down and abandoning module SteamVRController (332)
[2018.02.21-03.50.36:048][833]LogModuleManager: Shutting down and abandoning module ProceduralMeshComponentEditor (330)
[2018.02.21-03.50.36:048][833]LogModuleManager: Shutting down and abandoning module ProceduralMeshComponent (328)
[2018.02.21-03.50.36:048][833]LogModuleManager: Shutting down and abandoning module OculusInput (326)
[2018.02.21-03.50.36:048][833]LogModuleManager: Shutting down and abandoning module MobilePatchingUtils (324)
[2018.02.21-03.50.36:048][833]LogModuleManager: Shutting down and abandoning module CustomMeshComponent (322)
[2018.02.21-03.50.36:048][833]LogModuleManager: Shutting down and abandoning module CableComponent (320)
[2018.02.21-03.50.36:048][833]LogModuleManager: Shutting down and abandoning module ArchVisCharacter (318)
[2018.02.21-03.50.36:049][833]LogModuleManager: Shutting down and abandoning module AndroidPermission (316)
[2018.02.21-03.50.36:049][833]LogModuleManager: Shutting down and abandoning module MediaPlayerEditor (312)
[2018.02.21-03.50.36:049][833]LogModuleManager: Shutting down and abandoning module HTML5Networking (310)
[2018.02.21-03.50.36:049][833]LogModuleManager: Shutting down and abandoning module AlembicImporter (308)
[2018.02.21-03.50.36:049][833]LogModuleManager: Shutting down and abandoning module AlembicLibrary (307)
[2018.02.21-03.50.36:049][833]LogModuleManager: Shutting down and abandoning module GeometryCache (306)
[2018.02.21-03.50.36:049][833]LogModuleManager: Shutting down and abandoning module GeometryCacheEd (305)
[2018.02.21-03.50.36:049][833]LogModuleManager: Shutting down and abandoning module SpeedTreeImporter (300)
[2018.02.21-03.50.36:049][833]LogModuleManager: Shutting down and abandoning module PluginBrowser (298)
[2018.02.21-03.50.36:049][833]LogModuleManager: Shutting down and abandoning module MobileLauncherProfileWizard (296)
[2018.02.21-03.50.36:049][833]LogModuleManager: Shutting down and abandoning module VisualStudioSourceCodeAccess (294)
[2018.02.21-03.50.36:049][833]LogModuleManager: Shutting down and abandoning module DesktopPlatform (293)
[2018.02.21-03.50.36:049][833]LogModuleManager: Shutting down and abandoning module UObjectPlugin (290)
[2018.02.21-03.50.36:049][833]LogModuleManager: Shutting down and abandoning module SubversionSourceControl (288)
[2018.02.21-03.50.36:049][833]LogModuleManager: Shutting down and abandoning module PerforceSourceControl (286)
[2018.02.21-03.50.36:049][833]LogModuleManager: Shutting down and abandoning module GitSourceControl (284)
[2018.02.21-03.50.36:049][833]LogModuleManager: Shutting down and abandoning module SourceControl (283)
[2018.02.21-03.50.36:049][833]LogModuleManager: Shutting down and abandoning module LightPropagationVolumeEditor (280)
[2018.02.21-03.50.36:049][833]LogModuleManager: Shutting down and abandoning module PaperTiledImporter (278)
[2018.02.21-03.50.36:049][833]LogModuleManager: Shutting down and abandoning module PaperSpriteSheetImporter (276)
[2018.02.21-03.50.36:049][833]LogModuleManager: Shutting down and abandoning module Paper2DEditor (274)
[2018.02.21-03.50.36:049][833]LogModuleManager: Shutting down and abandoning module MeshPaint (273)
[2018.02.21-03.50.36:049][833]LogModuleManager: Shutting down and abandoning module LevelEditor (271)
[2018.02.21-03.50.36:050][833]LogModuleManager: Shutting down and abandoning module PixelInspectorModule (270)
[2018.02.21-03.50.36:050][833]LogModuleManager: Shutting down and abandoning module MainFrame (268)
[2018.02.21-03.50.36:050][833]LogModuleManager: Shutting down and abandoning module HotReload (267)
[2018.02.21-03.50.36:050][833]LogDirectoryWatcher: A directory notification for 'D:/Unreal projects/EscapeRoom/Binaries/Win64' was aborted.
[2018.02.21-03.50.36:050][833]LogModuleManager: Shutting down and abandoning module EscapeRoom (262)
[2018.02.21-03.50.36:050][833]LogModuleManager: Shutting down and abandoning module RuntimePhysXCooking (260)
[2018.02.21-03.50.36:050][833]LogModuleManager: Shutting down and abandoning module PhysXVehiclesEditor (258)
[2018.02.21-03.50.36:050][833]LogModuleManager: Shutting down and abandoning module PhysXVehicles (256)
[2018.02.21-03.50.36:051][833]LogModuleManager: Shutting down and abandoning module OculusEditor (254)
[2018.02.21-03.50.36:051][833]LogModuleManager: Shutting down and abandoning module LocationServicesBPLibrary (252)
[2018.02.21-03.50.36:051][833]LogModuleManager: Shutting down and abandoning module ImmediatePhysicsEditor (250)
[2018.02.21-03.50.36:051][833]LogModuleManager: Shutting down and abandoning module ImmediatePhysics (248)
[2018.02.21-03.50.36:051][833]LogModuleManager: Shutting down and abandoning module UdpMessaging (246)
[2018.02.21-03.50.36:152][833]LogModuleManager: Shutting down and abandoning module TcpMessaging (244)
[2018.02.21-03.50.36:253][833]LogModuleManager: Shutting down and abandoning module GameplayTagsEditor (242)
[2018.02.21-03.50.36:253][833]LogModuleManager: Shutting down and abandoning module FacialAnimationEditor (240)
[2018.02.21-03.50.36:253][833]LogModuleManager: Shutting down and abandoning module FacialAnimation (238)
[2018.02.21-03.50.36:253][833]LogModuleManager: Shutting down and abandoning module AssetManagerEditor (236)
[2018.02.21-03.50.36:253][833]LogModuleManager: Shutting down and abandoning module GraphEditor (235)
[2018.02.21-03.50.36:253][833]LogModuleManager: Shutting down and abandoning module ContentBrowser (233)
[2018.02.21-03.50.36:254][833]LogModuleManager: Shutting down and abandoning module LightPropagationVolumeRuntime (230)
[2018.02.21-03.50.36:254][833]LogModuleManager: Shutting down and abandoning module Paper2D (228)
[2018.02.21-03.50.36:254][833]LogModuleManager: Shutting down and abandoning module WindowsMoviePlayer (226)
[2018.02.21-03.50.36:254][833]LogModuleManager: Shutting down and abandoning module WmfMedia (224)
[2018.02.21-03.50.36:256][833]LogModuleManager: Shutting down and abandoning module PacketHandler (222)
[2018.02.21-03.50.36:256][833]LogModuleManager: Shutting down and abandoning module ClothingSystemEditor (220)
[2018.02.21-03.50.36:256][833]LogModuleManager: Shutting down and abandoning module ClothingSystemRuntime (218)
[2018.02.21-03.50.36:256][833]LogModuleManager: Shutting down and abandoning module Overlay (216)
[2018.02.21-03.50.36:256][833]LogModuleManager: Shutting down and abandoning module OverlayEditor (215)
[2018.02.21-03.50.36:256][833]LogModuleManager: Shutting down and abandoning module MediaAssets (212)
[2018.02.21-03.50.36:256][833]LogModuleManager: Shutting down and abandoning module VREditor (210)
[2018.02.21-03.50.36:256][833]LogModuleManager: Shutting down and abandoning module StringTableEditor (208)
[2018.02.21-03.50.36:256][833]LogModuleManager: Shutting down and abandoning module GameplayTasksEditor (206)
[2018.02.21-03.50.36:256][833]LogModuleManager: Shutting down and abandoning module BehaviorTreeEditor (204)
[2018.02.21-03.50.36:256][833]LogModuleManager: Shutting down and abandoning module FunctionalTesting (202)
[2018.02.21-03.50.36:256][833]LogModuleManager: Shutting down and abandoning module CollisionAnalyzer (200)
[2018.02.21-03.50.36:256][833]LogModuleManager: Shutting down and abandoning module WorkspaceMenuStructure (199)
[2018.02.21-03.50.36:256][833]LogModuleManager: Shutting down and abandoning module UMG (196)
[2018.02.21-03.50.36:257][833]LogModuleManager: Shutting down and abandoning module UMGEditor (195)
[2018.02.21-03.50.36:257][833]LogModuleManager: Shutting down and abandoning module Sequencer (194)
[2018.02.21-03.50.36:257][833]LogModuleManager: Shutting down and abandoning module MessageLog (191)
[2018.02.21-03.50.36:257][833]LogModuleManager: Shutting down and abandoning module SlateReflector (186)
[2018.02.21-03.50.36:257][833]LogModuleManager: Shutting down and abandoning module Slate (184)
[2018.02.21-03.50.36:257][833]LogModuleManager: Shutting down and abandoning module EditorStyle (182)
[2018.02.21-03.50.36:259][833]LogModuleManager: Shutting down and abandoning module MRMesh (180)
[2018.02.21-03.50.36:259][833]LogModuleManager: Shutting down and abandoning module SourceCodeAccess (178)
[2018.02.21-03.50.36:259][833]LogModuleManager: Shutting down and abandoning module HeadMountedDisplay (176)
[2018.02.21-03.50.36:259][833]LogModuleManager: Shutting down and abandoning module XAudio2 (174)
[2018.02.21-03.50.36:259][833]LogModuleManager: Shutting down and abandoning module Networking (172)
[2018.02.21-03.50.36:259][833]LogModuleManager: Shutting down and abandoning module Core (168)
[2018.02.21-03.50.36:259][833]LogModuleManager: Shutting down and abandoning module KismetCompiler (164)
[2018.02.21-03.50.36:259][833]LogModuleManager: Shutting down and abandoning module LevelSequence (162)
[2018.02.21-03.50.36:259][833]LogModuleManager: Shutting down and abandoning module MeshUtilities (160)
[2018.02.21-03.50.36:259][833]LogModuleManager: Shutting down and abandoning module MeshMergeUtilities (159)
[2018.02.21-03.50.36:259][833]LogModuleManager: Shutting down and abandoning module MeshReductionInterface (158)
[2018.02.21-03.50.36:259][833]LogModuleManager: Shutting down and abandoning module SimplygonSwarm (157)
[2018.02.21-03.50.36:259][833]LogModuleManager: Shutting down and abandoning module SimplygonMeshReduction (155)
[2018.02.21-03.50.36:259][833]LogModuleManager: Shutting down and abandoning module QuadricMeshReduction (153)
[2018.02.21-03.50.36:259][833]LogModuleManager: Shutting down and abandoning module MaterialBaking (149)
[2018.02.21-03.50.36:259][833]LogModuleManager: Shutting down and abandoning module DirectoryWatcher (146)
[2018.02.21-03.50.36:260][833]LogModuleManager: Shutting down and abandoning module DerivedDataCache (144)
[2018.02.21-03.50.36:356][833]LogDerivedDataCache: Shutdown
[2018.02.21-03.50.36:356][833]LogModuleManager: Shutting down and abandoning module TargetPlatform (142)
[2018.02.21-03.50.36:356][833]LogModuleManager: Shutting down and abandoning module VulkanShaderFormat (141)
[2018.02.21-03.50.36:356][833]LogModuleManager: Shutting down and abandoning module ShaderFormatVectorVM (139)
[2018.02.21-03.50.36:356][833]LogModuleManager: Shutting down and abandoning module ShaderFormatOpenGL (137)
[2018.02.21-03.50.36:356][833]LogModuleManager: Shutting down and abandoning module ShaderFormatD3D (135)
[2018.02.21-03.50.36:356][833]LogModuleManager: Shutting down and abandoning module MetalShaderFormat (133)
[2018.02.21-03.50.36:356][833]LogModuleManager: Shutting down and abandoning module TextureFormatUncompressed (131)
[2018.02.21-03.50.36:356][833]LogModuleManager: Shutting down and abandoning module TextureFormatPVR (129)
[2018.02.21-03.50.36:357][833]LogModuleManager: Shutting down and abandoning module TextureFormatDXT (127)
[2018.02.21-03.50.36:357][833]LogModuleManager: Shutting down and abandoning module TextureFormatIntelISPCTexComp (125)
[2018.02.21-03.50.36:357][833]LogModuleManager: Shutting down and abandoning module TextureFormatASTC (123)
[2018.02.21-03.50.36:357][833]LogModuleManager: Shutting down and abandoning module ImageWrapper (122)
[2018.02.21-03.50.36:357][833]LogModuleManager: Shutting down and abandoning module TextureFormatAndroid (119)
[2018.02.21-03.50.36:357][833]LogModuleManager: Shutting down and abandoning module AudioFormatOpus (117)
[2018.02.21-03.50.36:357][833]LogModuleManager: Shutting down and abandoning module AudioFormatOgg (115)
[2018.02.21-03.50.36:357][833]LogModuleManager: Shutting down and abandoning module AudioFormatADPCM (113)
[2018.02.21-03.50.36:357][833]LogModuleManager: Shutting down and abandoning module LinuxTargetPlatform (111)
[2018.02.21-03.50.36:357][833]LogModuleManager: Shutting down and abandoning module LinuxServerTargetPlatform (109)
[2018.02.21-03.50.36:357][833]LogModuleManager: Shutting down and abandoning module LinuxNoEditorTargetPlatform (107)
[2018.02.21-03.50.36:357][833]LogModuleManager: Shutting down and abandoning module LinuxClientTargetPlatform (105)
[2018.02.21-03.50.36:357][833]LogModuleManager: Shutting down and abandoning module TVOSTargetPlatform (103)
[2018.02.21-03.50.36:357][833]LogModuleManager: Shutting down and abandoning module Messaging (101)
[2018.02.21-03.50.36:357][833]LogModuleManager: Shutting down and abandoning module IOSTargetPlatform (99)
[2018.02.21-03.50.36:357][833]LogModuleManager: Shutting down and abandoning module HTML5TargetPlatform (97)
[2018.02.21-03.50.36:357][833]LogModuleManager: Shutting down and abandoning module Android_PVRTCTargetPlatform (95)
[2018.02.21-03.50.36:357][833]LogModuleManager: Shutting down and abandoning module Android_MultiTargetPlatform (93)
[2018.02.21-03.50.36:357][833]LogModuleManager: Shutting down and abandoning module Android_ETC2TargetPlatform (91)
[2018.02.21-03.50.36:357][833]LogModuleManager: Shutting down and abandoning module Android_ETC1TargetPlatform (89)
[2018.02.21-03.50.36:357][833]LogModuleManager: Shutting down and abandoning module Android_DXTTargetPlatform (87)
[2018.02.21-03.50.36:357][833]LogModuleManager: Shutting down and abandoning module Android_ATCTargetPlatform (85)
[2018.02.21-03.50.36:357][833]LogModuleManager: Shutting down and abandoning module Android_ASTCTargetPlatform (83)
[2018.02.21-03.50.36:357][833]LogModuleManager: Shutting down and abandoning module AndroidTargetPlatform (81)
[2018.02.21-03.50.36:357][833]LogModuleManager: Shutting down and abandoning module WindowsTargetPlatform (79)
[2018.02.21-03.50.36:357][833]LogModuleManager: Shutting down and abandoning module WindowsServerTargetPlatform (77)
[2018.02.21-03.50.36:357][833]LogModuleManager: Shutting down and abandoning module WindowsNoEditorTargetPlatform (75)
[2018.02.21-03.50.36:357][833]LogModuleManager: Shutting down and abandoning module WindowsClientTargetPlatform (73)
[2018.02.21-03.50.36:357][833]LogModuleManager: Shutting down and abandoning module MacTargetPlatform (71)
[2018.02.21-03.50.36:357][833]LogModuleManager: Shutting down and abandoning module MacServerTargetPlatform (69)
[2018.02.21-03.50.36:357][833]LogModuleManager: Shutting down and abandoning module MacNoEditorTargetPlatform (67)
[2018.02.21-03.50.36:357][833]LogModuleManager: Shutting down and abandoning module MacClientTargetPlatform (65)
[2018.02.21-03.50.36:357][833]LogModuleManager: Shutting down and abandoning module AllDesktopTargetPlatform (63)
[2018.02.21-03.50.36:357][833]LogModuleManager: Shutting down and abandoning module InputCore (60)
[2018.02.21-03.50.36:358][833]LogModuleManager: Shutting down and abandoning module Settings (58)
[2018.02.21-03.50.36:358][833]LogModuleManager: Shutting down and abandoning module PhysXCooking (56)
[2018.02.21-03.50.36:358][833]LogModuleManager: Shutting down and abandoning module SteamVR (54)
[2018.02.21-03.50.36:358][833]LogModuleManager: Shutting down and abandoning module OculusHMD (52)
[2018.02.21-03.50.36:358][833]LogModuleManager: Shutting down and abandoning module ExampleDeviceProfileSelector (50)
[2018.02.21-03.50.36:358][833]LogModuleManager: Shutting down and abandoning module OnlineBlueprintSupport (48)
[2018.02.21-03.50.36:358][833]LogModuleManager: Shutting down and abandoning module OnlineSubsystem (44)
[2018.02.21-03.50.36:358][833]LogOnline: Display: Unloading online subsystem: NULL
[2018.02.21-03.50.36:358][833]LogModuleManager: Shutting down and abandoning module XMPP (43)
[2018.02.21-03.50.36:358][833]LogModuleManager: Shutting down and abandoning module HTTP (41)
[2018.02.21-03.50.36:358][833]LogHttp: Display: Http module shutting down, but needs to wait on 1 outstanding Http requests:
[2018.02.21-03.50.36:358][833]LogHttp: Display: 	verb=[POST] url=[https://datarouter.ol.epicgames.com/datarouter/api/v1/public/data?SessionID=%7BA2339EA4-46BE-E1E8-C399-33B1AB8A785F%7D&AppID=UEEditor.Rocket.Release&AppVersion=4.17.2-3658906%2B%2B%2BUE4%2BRelease-4.17&UserID=977a4f2a415891c430a103bd421e3f29%7Cdeeaef7eb00f4dedb11ac9f16d23e6d1%7Ce64f7e93-f23a-4969-ae8b-d838be58c0b9&AppEnvironment=datacollector-binary&UploadType=eteventstream] status=Processing
[2018.02.21-03.50.36:367][833]LogModuleManager: Shutting down and abandoning module SSL (40)
[2018.02.21-03.50.36:369][833]LogModuleManager: Shutting down and abandoning module AnimationModifiers (36)
[2018.02.21-03.50.36:369][833]LogModuleManager: Shutting down and abandoning module PropertyEditor (35)
[2018.02.21-03.50.36:369][833]LogModuleManager: Shutting down and abandoning module AudioEditor (32)
[2018.02.21-03.50.36:369][833]LogModuleManager: Shutting down and abandoning module TextureCompressor (30)
[2018.02.21-03.50.36:369][833]LogModuleManager: Shutting down and abandoning module ShaderCore (28)
[2018.02.21-03.50.36:369][833]LogModuleManager: Shutting down and abandoning module Landscape (26)
[2018.02.21-03.50.36:369][833]LogModuleManager: Shutting down and abandoning module SlateRHIRenderer (24)
[2018.02.21-03.50.36:370][833]LogModuleManager: Shutting down and abandoning module OpenGLDrv (22)
[2018.02.21-03.50.36:370][833]LogModuleManager: Shutting down and abandoning module D3D11RHI (20)
[2018.02.21-03.50.36:370][833]LogModuleManager: Shutting down and abandoning module AnimGraphRuntime (18)
[2018.02.21-03.50.36:370][833]LogModuleManager: Shutting down and abandoning module Renderer (16)
[2018.02.21-03.50.36:370][833]LogModuleManager: Shutting down and abandoning module Engine (14)
[2018.02.21-03.50.36:370][833]LogModuleManager: Shutting down and abandoning module CoreUObject (12)
[2018.02.21-03.50.36:370][833]LogModuleManager: Shutting down and abandoning module NetworkFile (10)
[2018.02.21-03.50.36:370][833]LogModuleManager: Shutting down and abandoning module CookedIterativeFile (8)
[2018.02.21-03.50.36:370][833]LogModuleManager: Shutting down and abandoning module StreamingFile (6)
[2018.02.21-03.50.36:370][833]LogModuleManager: Shutting down and abandoning module SandboxFile (4)
[2018.02.21-03.50.36:370][833]LogModuleManager: Shutting down and abandoning module PakFile (2)
[2018.02.21-03.50.36:374][833]LogExit: Exiting.
[2018.02.21-03.50.36:385][833]Log file closed, 02/20/18 21:50:36
